This file contains any messages produced by compilers while
running configure, to aid debugging if configure makes a mistake.

It was created by logrotate configure 3.21.0, which was
generated by GNU Autoconf 2.69.  Invocation command line was

  $ ./configure 

## --------- ##
## Platform. ##
## --------- ##

hostname = raspberrypi2
uname -m = armv7l
uname -r = 5.10.110-rpi-venus-4
uname -s = Linux
uname -v = #1 SMP Thu Apr 3 15:32:13 UTC 2025

/usr/bin/uname -p = unknown
/bin/uname -X     = unknown

/bin/arch              = unknown
/usr/bin/arch -k       = unknown
/usr/convex/getsysinfo = unknown
/usr/bin/hostinfo      = unknown
/bin/machine           = unknown
/usr/bin/oslevel       = unknown
/bin/universe          = unknown

PATH: /usr/local/bin
PATH: /usr/bin
PATH: /bin
PATH: /usr/local/sbin
PATH: /usr/sbin
PATH: /sbin


## ----------- ##
## Core tests. ##
## ----------- ##

configure:2299: checking for a BSD-compatible install
configure:2367: result: ./install-sh -c
configure:2378: checking whether build environment is sane
configure:2393: result: yes
configure:2535: checking for a thread-safe mkdir -p
configure:2574: result: ./install-sh -c -d
configure:2581: checking for gawk
configure:2611: result: no
configure:2581: checking for mawk
configure:2611: result: no
configure:2581: checking for nawk
configure:2611: result: no
configure:2581: checking for awk
configure:2597: found /usr/bin/awk
configure:2608: result: awk
configure:2619: checking whether make sets $(MAKE)
configure:2641: result: yes
configure:2670: checking whether make supports nested variables
configure:2687: result: yes
configure:2826: checking whether make supports nested variables
configure:2843: result: yes
configure:2859: checking whether make supports the include directive
configure:2874: make -f confmf.GNU && cat confinc.out
this is the am__doit target
configure:2877: $? = 0
configure:2896: result: yes (GNU style)
configure:2966: checking for gcc
configure:2982: found /usr/bin/gcc
configure:2993: result: gcc
configure:3222: checking for C compiler version
configure:3231: gcc --version >&5
gcc (GCC) 9.5.0
Copyright (C) 2019 Free Software Foundation, Inc.
This is free software; see the source for copying conditions.  There is NO
warranty; not even for MERCHANTABILITY or FITNESS FOR A PARTICULAR PURPOSE.

configure:3242: $? = 0
configure:3231: gcc -v >&5
Using built-in specs.
COLLECT_GCC=gcc
COLLECT_LTO_WRAPPER=/usr/libexec/gcc/arm-ve-linux-gnueabi/9.5.0/lto-wrapper
Target: arm-ve-linux-gnueabi
Configured with: ../../../../../../work-shared/gcc-9.5.0-r0/gcc-9.5.0/configure --build=x86_64-linux --host=arm-ve-linux-gnueabi --target=arm-ve-linux-gnueabi --prefix=/usr --exec_prefix=/usr --bindir=/usr/bin --sbindir=/usr/sbin --libexecdir=/usr/libexec --datadir=/usr/share --sysconfdir=/etc --sharedstatedir=/com --localstatedir=/var --libdir=/usr/lib --includedir=/usr/include --oldincludedir=/usr/include --infodir=/usr/share/info --mandir=/usr/share/man --disable-silent-rules --disable-dependency-tracking --with-libtool-sysroot=/ --with-gnu-ld --enable-shared --enable-languages=c,c++ --enable-threads=posix --enable-multilib --enable-c99 --enable-long-long --enable-symvers=gnu --enable-libstdcxx-pch --program-prefix=arm-ve-linux-gnueabi- --without-local-prefix --disable-install-libiberty --enable-lto --disable-libssp --enable-libitm --disable-bootstrap --disable-libmudflap --with-system-zlib --with-linker-hash-style=gnu --enable-linker-build-id --with-ppl=no --with-cloog=no --enable-checking=release --enable-cheaders=c_global --without-isl --with-float=hard --with-build-sysroot=/ --enable-nls --with-glibc-version=2.28 --enable-initfini-array --with-arch=armv7ve+fp
Thread model: posix
gcc version 9.5.0 (GCC) 
configure:3242: $? = 0
configure:3231: gcc -V >&5
gcc: error: unrecognized command line option '-V'
gcc: fatal error: no input files
compilation terminated.
configure:3242: $? = 1
configure:3231: gcc -qversion >&5
gcc: error: unrecognized command line option '-qversion'; did you mean '--version'?
gcc: fatal error: no input files
compilation terminated.
configure:3242: $? = 1
configure:3262: checking whether the C compiler works
configure:3284: gcc    conftest.c  >&5
configure:3288: $? = 0
configure:3336: result: yes
configure:3339: checking for C compiler default output file name
configure:3341: result: a.out
configure:3347: checking for suffix of executables
configure:3354: gcc -o conftest    conftest.c  >&5
configure:3358: $? = 0
configure:3380: result: 
configure:3402: checking whether we are cross compiling
configure:3410: gcc -o conftest    conftest.c  >&5
configure:3414: $? = 0
configure:3421: ./conftest
configure:3425: $? = 0
configure:3413: result: no
configure:3418: checking for suffix of object files
configure:3440: gcc -c   conftest.c >&5
configure:3444: $? = 0
configure:3465: result: o
configure:3469: checking whether we are using the GNU C compiler
configure:3488: gcc -c   conftest.c >&5
configure:3488: $? = 0
configure:3497: result: yes
configure:3506: checking whether gcc accepts -g
configure:3526: gcc -c -g  conftest.c >&5
configure:3526: $? = 0
configure:3567: result: yes
configure:3584: checking for gcc option to accept ISO C89
configure:3647: gcc  -c -g -O2  conftest.c >&5
configure:3647: $? = 0
configure:3660: result: none needed
configure:3685: checking whether gcc understands -c and -o together
configure:3707: gcc -c conftest.c -o conftest2.o
configure:3710: $? = 0
configure:3707: gcc -c conftest.c -o conftest2.o
configure:3710: $? = 0
configure:3722: result: yes
configure:3741: checking dependency style of gcc
configure:3852: result: gcc3
configure:3873: checking how to run the C preprocessor
configure:3904: gcc -E  conftest.c
configure:3904: $? = 0
configure:3918: gcc -E  conftest.c
conftest.c:11:10: fatal error: ac_nonexistent.h: No such file or directory
   11 | #include <ac_nonexistent.h>
      |          ^~~~~~~~~~~~~~~~~~
compilation terminated.
configure:3918: $? = 1
configure: failed program was:
| /* confdefs.h */
| #define PACKAGE_NAME "logrotate"
| #define PACKAGE_TARNAME "logrotate"
| #define PACKAGE_VERSION "3.21.0"
| #define PACKAGE_STRING "logrotate 3.21.0"
| #define PACKAGE_BUGREPORT ""
| #define PACKAGE_URL "https://github.com/logrotate/logrotate"
| #define PACKAGE "logrotate"
| #define VERSION "3.21.0"
| /* end confdefs.h.  */
| #include <ac_nonexistent.h>
configure:3943: result: gcc -E
configure:3963: gcc -E  conftest.c
configure:3963: $? = 0
configure:3977: gcc -E  conftest.c
conftest.c:11:10: fatal error: ac_nonexistent.h: No such file or directory
   11 | #include <ac_nonexistent.h>
      |          ^~~~~~~~~~~~~~~~~~
compilation terminated.
configure:3977: $? = 1
configure: failed program was:
| /* confdefs.h */
| #define PACKAGE_NAME "logrotate"
| #define PACKAGE_TARNAME "logrotate"
| #define PACKAGE_VERSION "3.21.0"
| #define PACKAGE_STRING "logrotate 3.21.0"
| #define PACKAGE_BUGREPORT ""
| #define PACKAGE_URL "https://github.com/logrotate/logrotate"
| #define PACKAGE "logrotate"
| #define VERSION "3.21.0"
| /* end confdefs.h.  */
| #include <ac_nonexistent.h>
configure:4006: checking for grep that handles long lines and -e
configure:4064: result: /bin/grep
configure:4069: checking for egrep
configure:4131: result: /bin/grep -E
configure:4136: checking for ANSI C header files
configure:4156: gcc -c -g -O2  conftest.c >&5
configure:4156: $? = 0
configure:4229: gcc -o conftest -g -O2   conftest.c  >&5
configure:4229: $? = 0
configure:4229: ./conftest
configure:4229: $? = 0
configure:4240: result: yes
configure:4253: checking for sys/types.h
configure:4253: gcc -c -g -O2  conftest.c >&5
configure:4253: $? = 0
configure:4253: result: yes
configure:4253: checking for sys/stat.h
configure:4253: gcc -c -g -O2  conftest.c >&5
configure:4253: $? = 0
configure:4253: result: yes
configure:4253: checking for stdlib.h
configure:4253: gcc -c -g -O2  conftest.c >&5
configure:4253: $? = 0
configure:4253: result: yes
configure:4253: checking for string.h
configure:4253: gcc -c -g -O2  conftest.c >&5
configure:4253: $? = 0
configure:4253: result: yes
configure:4253: checking for memory.h
configure:4253: gcc -c -g -O2  conftest.c >&5
configure:4253: $? = 0
configure:4253: result: yes
configure:4253: checking for strings.h
configure:4253: gcc -c -g -O2  conftest.c >&5
configure:4253: $? = 0
configure:4253: result: yes
configure:4253: checking for inttypes.h
configure:4253: gcc -c -g -O2  conftest.c >&5
configure:4253: $? = 0
configure:4253: result: yes
configure:4253: checking for stdint.h
configure:4253: gcc -c -g -O2  conftest.c >&5
configure:4253: $? = 0
configure:4253: result: yes
configure:4253: checking for unistd.h
configure:4253: gcc -c -g -O2  conftest.c >&5
configure:4253: $? = 0
configure:4253: result: yes
configure:4266: checking minix/config.h usability
configure:4266: gcc -c -g -O2  conftest.c >&5
conftest.c:54:10: fatal error: minix/config.h: No such file or directory
   54 | #include <minix/config.h>
      |          ^~~~~~~~~~~~~~~~
compilation terminated.
configure:4266: $? = 1
configure: failed program was:
| /* confdefs.h */
| #define PACKAGE_NAME "logrotate"
| #define PACKAGE_TARNAME "logrotate"
| #define PACKAGE_VERSION "3.21.0"
| #define PACKAGE_STRING "logrotate 3.21.0"
| #define PACKAGE_BUGREPORT ""
| #define PACKAGE_URL "https://github.com/logrotate/logrotate"
| #define PACKAGE "logrotate"
| #define VERSION "3.21.0"
| #define STDC_HEADERS 1
| #define HAVE_SYS_TYPES_H 1
| #define HAVE_SYS_STAT_H 1
| #define HAVE_STDLIB_H 1
| #define HAVE_STRING_H 1
| #define HAVE_MEMORY_H 1
| #define HAVE_STRINGS_H 1
| #define HAVE_INTTYPES_H 1
| #define HAVE_STDINT_H 1
| #define HAVE_UNISTD_H 1
| /* end confdefs.h.  */
| #include <stdio.h>
| #ifdef HAVE_SYS_TYPES_H
| # include <sys/types.h>
| #endif
| #ifdef HAVE_SYS_STAT_H
| # include <sys/stat.h>
| #endif
| #ifdef STDC_HEADERS
| # include <stdlib.h>
| # include <stddef.h>
| #else
| # ifdef HAVE_STDLIB_H
| #  include <stdlib.h>
| # endif
| #endif
| #ifdef HAVE_STRING_H
| # if !defined STDC_HEADERS && defined HAVE_MEMORY_H
| #  include <memory.h>
| # endif
| # include <string.h>
| #endif
| #ifdef HAVE_STRINGS_H
| # include <strings.h>
| #endif
| #ifdef HAVE_INTTYPES_H
| # include <inttypes.h>
| #endif
| #ifdef HAVE_STDINT_H
| # include <stdint.h>
| #endif
| #ifdef HAVE_UNISTD_H
| # include <unistd.h>
| #endif
| #include <minix/config.h>
configure:4266: result: no
configure:4266: checking minix/config.h presence
configure:4266: gcc -E  conftest.c
conftest.c:21:10: fatal error: minix/config.h: No such file or directory
   21 | #include <minix/config.h>
      |          ^~~~~~~~~~~~~~~~
compilation terminated.
configure:4266: $? = 1
configure: failed program was:
| /* confdefs.h */
| #define PACKAGE_NAME "logrotate"
| #define PACKAGE_TARNAME "logrotate"
| #define PACKAGE_VERSION "3.21.0"
| #define PACKAGE_STRING "logrotate 3.21.0"
| #define PACKAGE_BUGREPORT ""
| #define PACKAGE_URL "https://github.com/logrotate/logrotate"
| #define PACKAGE "logrotate"
| #define VERSION "3.21.0"
| #define STDC_HEADERS 1
| #define HAVE_SYS_TYPES_H 1
| #define HAVE_SYS_STAT_H 1
| #define HAVE_STDLIB_H 1
| #define HAVE_STRING_H 1
| #define HAVE_MEMORY_H 1
| #define HAVE_STRINGS_H 1
| #define HAVE_INTTYPES_H 1
| #define HAVE_STDINT_H 1
| #define HAVE_UNISTD_H 1
| /* end confdefs.h.  */
| #include <minix/config.h>
configure:4266: result: no
configure:4266: checking for minix/config.h
configure:4266: result: no
configure:4287: checking whether it is safe to define __EXTENSIONS__
configure:4305: gcc -c -g -O2  conftest.c >&5
configure:4305: $? = 0
configure:4312: result: yes
configure:4375: checking for gcc
configure:4402: result: gcc
configure:4631: checking for C compiler version
configure:4640: gcc --version >&5
gcc (GCC) 9.5.0
Copyright (C) 2019 Free Software Foundation, Inc.
This is free software; see the source for copying conditions.  There is NO
warranty; not even for MERCHANTABILITY or FITNESS FOR A PARTICULAR PURPOSE.

configure:4651: $? = 0
configure:4640: gcc -v >&5
Using built-in specs.
COLLECT_GCC=gcc
COLLECT_LTO_WRAPPER=/usr/libexec/gcc/arm-ve-linux-gnueabi/9.5.0/lto-wrapper
Target: arm-ve-linux-gnueabi
Configured with: ../../../../../../work-shared/gcc-9.5.0-r0/gcc-9.5.0/configure --build=x86_64-linux --host=arm-ve-linux-gnueabi --target=arm-ve-linux-gnueabi --prefix=/usr --exec_prefix=/usr --bindir=/usr/bin --sbindir=/usr/sbin --libexecdir=/usr/libexec --datadir=/usr/share --sysconfdir=/etc --sharedstatedir=/com --localstatedir=/var --libdir=/usr/lib --includedir=/usr/include --oldincludedir=/usr/include --infodir=/usr/share/info --mandir=/usr/share/man --disable-silent-rules --disable-dependency-tracking --with-libtool-sysroot=/ --with-gnu-ld --enable-shared --enable-languages=c,c++ --enable-threads=posix --enable-multilib --enable-c99 --enable-long-long --enable-symvers=gnu --enable-libstdcxx-pch --program-prefix=arm-ve-linux-gnueabi- --without-local-prefix --disable-install-libiberty --enable-lto --disable-libssp --enable-libitm --disable-bootstrap --disable-libmudflap --with-system-zlib --with-linker-hash-style=gnu --enable-linker-build-id --with-ppl=no --with-cloog=no --enable-checking=release --enable-cheaders=c_global --without-isl --with-float=hard --with-build-sysroot=/ --enable-nls --with-glibc-version=2.28 --enable-initfini-array --with-arch=armv7ve+fp
Thread model: posix
gcc version 9.5.0 (GCC) 
configure:4651: $? = 0
configure:4640: gcc -V >&5
gcc: error: unrecognized command line option '-V'
gcc: fatal error: no input files
compilation terminated.
configure:4651: $? = 1
configure:4640: gcc -qversion >&5
gcc: error: unrecognized command line option '-qversion'; did you mean '--version'?
gcc: fatal error: no input files
compilation terminated.
configure:4651: $? = 1
configure:4655: checking whether we are using the GNU C compiler
configure:4683: result: yes
configure:4692: checking whether gcc accepts -g
configure:4753: result: yes
configure:4770: checking for gcc option to accept ISO C89
configure:4846: result: none needed
configure:4871: checking whether gcc understands -c and -o together
configure:4908: result: yes
configure:4927: checking dependency style of gcc
configure:5038: result: gcc3
configure:5053: checking for struct stat.st_blksize
configure:5053: gcc -c -g -O2  conftest.c >&5
configure:5053: $? = 0
configure:5053: result: yes
configure:5063: checking for struct stat.st_blocks
configure:5063: gcc -c -g -O2  conftest.c >&5
configure:5063: $? = 0
configure:5063: result: yes
configure:5088: checking build system type
configure:5102: result: armv7l-unknown-linux-gnueabihf
configure:5122: checking host system type
configure:5135: result: armv7l-unknown-linux-gnueabihf
configure:5156: checking for uint32_t
configure:5156: gcc -c -g -O2  conftest.c >&5
configure:5156: $? = 0
configure:5156: result: yes
configure:5178: checking for special C compiler options needed for large files
configure:5223: result: no
configure:5229: checking for _FILE_OFFSET_BITS value needed for large files
configure:5254: gcc -c -g -O2  conftest.c >&5
conftest.c:34:33: warning: left shift count >= width of type [-Wshift-count-overflow]
   34 | #define LARGE_OFF_T (((off_t) 1 << 62) - 1 + ((off_t) 1 << 62))
      |                                 ^~
conftest.c:35:23: note: in expansion of macro 'LARGE_OFF_T'
   35 |   int off_t_is_large[(LARGE_OFF_T % 2147483629 == 721
      |                       ^~~~~~~~~~~
conftest.c:34:57: warning: left shift count >= width of type [-Wshift-count-overflow]
   34 | #define LARGE_OFF_T (((off_t) 1 << 62) - 1 + ((off_t) 1 << 62))
      |                                                         ^~
conftest.c:35:23: note: in expansion of macro 'LARGE_OFF_T'
   35 |   int off_t_is_large[(LARGE_OFF_T % 2147483629 == 721
      |                       ^~~~~~~~~~~
conftest.c:34:33: warning: left shift count >= width of type [-Wshift-count-overflow]
   34 | #define LARGE_OFF_T (((off_t) 1 << 62) - 1 + ((off_t) 1 << 62))
      |                                 ^~
conftest.c:36:13: note: in expansion of macro 'LARGE_OFF_T'
   36 |          && LARGE_OFF_T % 2147483647 == 1)
      |             ^~~~~~~~~~~
conftest.c:34:57: warning: left shift count >= width of type [-Wshift-count-overflow]
   34 | #define LARGE_OFF_T (((off_t) 1 << 62) - 1 + ((off_t) 1 << 62))
      |                                                         ^~
conftest.c:36:13: note: in expansion of macro 'LARGE_OFF_T'
   36 |          && LARGE_OFF_T % 2147483647 == 1)
      |             ^~~~~~~~~~~
conftest.c:35:7: error: variably modified 'off_t_is_large' at file scope
   35 |   int off_t_is_large[(LARGE_OFF_T % 2147483629 == 721
      |       ^~~~~~~~~~~~~~
configure:5254: $? = 1
configure: failed program was:
| /* confdefs.h */
| #define PACKAGE_NAME "logrotate"
| #define PACKAGE_TARNAME "logrotate"
| #define PACKAGE_VERSION "3.21.0"
| #define PACKAGE_STRING "logrotate 3.21.0"
| #define PACKAGE_BUGREPORT ""
| #define PACKAGE_URL "https://github.com/logrotate/logrotate"
| #define PACKAGE "logrotate"
| #define VERSION "3.21.0"
| #define STDC_HEADERS 1
| #define HAVE_SYS_TYPES_H 1
| #define HAVE_SYS_STAT_H 1
| #define HAVE_STDLIB_H 1
| #define HAVE_STRING_H 1
| #define HAVE_MEMORY_H 1
| #define HAVE_STRINGS_H 1
| #define HAVE_INTTYPES_H 1
| #define HAVE_STDINT_H 1
| #define HAVE_UNISTD_H 1
| #define __EXTENSIONS__ 1
| #define _ALL_SOURCE 1
| #define _GNU_SOURCE 1
| #define _POSIX_PTHREAD_SEMANTICS 1
| #define _TANDEM_SOURCE 1
| #define HAVE_STRUCT_STAT_ST_BLKSIZE 1
| #define HAVE_STRUCT_STAT_ST_BLOCKS 1
| #define HAVE_ST_BLOCKS 1
| /* end confdefs.h.  */
| #include <sys/types.h>
|  /* Check that off_t can represent 2**63 - 1 correctly.
|     We can't simply define LARGE_OFF_T to be 9223372036854775807,
|     since some C++ compilers masquerading as C compilers
|     incorrectly reject 9223372036854775807.  */
| #define LARGE_OFF_T (((off_t) 1 << 62) - 1 + ((off_t) 1 << 62))
|   int off_t_is_large[(LARGE_OFF_T % 2147483629 == 721
| 		       && LARGE_OFF_T % 2147483647 == 1)
| 		      ? 1 : -1];
| int
| main ()
| {
| 
|   ;
|   return 0;
| }
configure:5278: gcc -c -g -O2  conftest.c >&5
configure:5278: $? = 0
configure:5286: result: 64
configure:5374: checking libgen.h usability
configure:5374: gcc -c -g -O2  conftest.c >&5
configure:5374: $? = 0
configure:5374: result: yes
configure:5374: checking libgen.h presence
configure:5374: gcc -E  conftest.c
configure:5374: $? = 0
configure:5374: result: yes
configure:5374: checking for libgen.h
configure:5374: result: yes
configure:5385: checking for poptParseArgvString in -lpopt
configure:5410: gcc -o conftest -g -O2   conftest.c -lpopt   >&5
configure:5410: $? = 0
configure:5419: result: yes
configure:5494: checking for getfscreatecon_raw in -lselinux
configure:5519: gcc -o conftest -g -O2   conftest.c -lselinux  -lpopt  >&5
/usr/lib/gcc/arm-ve-linux-gnueabi/9.5.0/../../../../arm-ve-linux-gnueabi/bin/ld: cannot find -lselinux
collect2: error: ld returned 1 exit status
configure:5519: $? = 1
configure: failed program was:
| /* confdefs.h */
| #define PACKAGE_NAME "logrotate"
| #define PACKAGE_TARNAME "logrotate"
| #define PACKAGE_VERSION "3.21.0"
| #define PACKAGE_STRING "logrotate 3.21.0"
| #define PACKAGE_BUGREPORT ""
| #define PACKAGE_URL "https://github.com/logrotate/logrotate"
| #define PACKAGE "logrotate"
| #define VERSION "3.21.0"
| #define STDC_HEADERS 1
| #define HAVE_SYS_TYPES_H 1
| #define HAVE_SYS_STAT_H 1
| #define HAVE_STDLIB_H 1
| #define HAVE_STRING_H 1
| #define HAVE_MEMORY_H 1
| #define HAVE_STRINGS_H 1
| #define HAVE_INTTYPES_H 1
| #define HAVE_STDINT_H 1
| #define HAVE_UNISTD_H 1
| #define __EXTENSIONS__ 1
| #define _ALL_SOURCE 1
| #define _GNU_SOURCE 1
| #define _POSIX_PTHREAD_SEMANTICS 1
| #define _TANDEM_SOURCE 1
| #define HAVE_STRUCT_STAT_ST_BLKSIZE 1
| #define HAVE_STRUCT_STAT_ST_BLOCKS 1
| #define HAVE_ST_BLOCKS 1
| #define _FILE_OFFSET_BITS 64
| #define HAVE_LIBGEN_H 1
| #define HAVE_LIBPOPT 1
| /* end confdefs.h.  */
| 
| /* Override any GCC internal prototype to avoid an error.
|    Use char because int might match the return type of a GCC
|    builtin and then its argument prototype would still apply.  */
| #ifdef __cplusplus
| extern "C"
| #endif
| char getfscreatecon_raw ();
| int
| main ()
| {
| return getfscreatecon_raw ();
|   ;
|   return 0;
| }
configure:5528: result: no
configure:5605: checking for acl_get_file in -lacl
configure:5630: gcc -o conftest -g -O2   conftest.c -lacl  -lpopt  >&5
/usr/lib/gcc/arm-ve-linux-gnueabi/9.5.0/../../../../arm-ve-linux-gnueabi/bin/ld: cannot find -lacl
collect2: error: ld returned 1 exit status
configure:5630: $? = 1
configure: failed program was:
| /* confdefs.h */
| #define PACKAGE_NAME "logrotate"
| #define PACKAGE_TARNAME "logrotate"
| #define PACKAGE_VERSION "3.21.0"
| #define PACKAGE_STRING "logrotate 3.21.0"
| #define PACKAGE_BUGREPORT ""
| #define PACKAGE_URL "https://github.com/logrotate/logrotate"
| #define PACKAGE "logrotate"
| #define VERSION "3.21.0"
| #define STDC_HEADERS 1
| #define HAVE_SYS_TYPES_H 1
| #define HAVE_SYS_STAT_H 1
| #define HAVE_STDLIB_H 1
| #define HAVE_STRING_H 1
| #define HAVE_MEMORY_H 1
| #define HAVE_STRINGS_H 1
| #define HAVE_INTTYPES_H 1
| #define HAVE_STDINT_H 1
| #define HAVE_UNISTD_H 1
| #define __EXTENSIONS__ 1
| #define _ALL_SOURCE 1
| #define _GNU_SOURCE 1
| #define _POSIX_PTHREAD_SEMANTICS 1
| #define _TANDEM_SOURCE 1
| #define HAVE_STRUCT_STAT_ST_BLKSIZE 1
| #define HAVE_STRUCT_STAT_ST_BLOCKS 1
| #define HAVE_ST_BLOCKS 1
| #define _FILE_OFFSET_BITS 64
| #define HAVE_LIBGEN_H 1
| #define HAVE_LIBPOPT 1
| /* end confdefs.h.  */
| 
| /* Override any GCC internal prototype to avoid an error.
|    Use char because int might match the return type of a GCC
|    builtin and then its argument prototype would still apply.  */
| #ifdef __cplusplus
| extern "C"
| #endif
| char acl_get_file ();
| int
| main ()
| {
| return acl_get_file ();
|   ;
|   return 0;
| }
configure:5639: result: no
configure:5803: checking for asprintf
configure:5803: gcc -o conftest -g -O2   conftest.c -lpopt  >&5
configure:5803: $? = 0
configure:5803: result: yes
configure:5803: checking for futimens
configure:5803: gcc -o conftest -g -O2   conftest.c -lpopt  >&5
configure:5803: $? = 0
configure:5803: result: yes
configure:5803: checking for madvise
configure:5803: gcc -o conftest -g -O2   conftest.c -lpopt  >&5
configure:5803: $? = 0
configure:5803: result: yes
configure:5803: checking for secure_getenv
configure:5803: gcc -o conftest -g -O2   conftest.c -lpopt  >&5
configure:5803: $? = 0
configure:5803: result: yes
configure:5803: checking for strndup
configure:5803: gcc -o conftest -g -O2   conftest.c -lpopt  >&5
conftest.c:65:6: warning: conflicting types for built-in function 'strndup'; expected 'char *(const char *, unsigned int)' [-Wbuiltin-declaration-mismatch]
   65 | char strndup ();
      |      ^~~~~~~
configure:5803: $? = 0
configure:5803: result: yes
configure:5803: checking for utimensat
configure:5803: gcc -o conftest -g -O2   conftest.c -lpopt  >&5
configure:5803: $? = 0
configure:5803: result: yes
configure:5803: checking for vsyslog
configure:5803: gcc -o conftest -g -O2   conftest.c -lpopt  >&5
configure:5803: $? = 0
configure:5803: result: yes
configure:5812: checking for struct stat.st_atim
configure:5812: gcc -c -g -O2  conftest.c >&5
conftest.c: In function 'main':
conftest.c:82:5: error: used struct type value where scalar is required
   82 | if (ac_aggr.st_atim)
      |     ^~~~~~~
configure:5812: $? = 1
configure: failed program was:
| /* confdefs.h */
| #define PACKAGE_NAME "logrotate"
| #define PACKAGE_TARNAME "logrotate"
| #define PACKAGE_VERSION "3.21.0"
| #define PACKAGE_STRING "logrotate 3.21.0"
| #define PACKAGE_BUGREPORT ""
| #define PACKAGE_URL "https://github.com/logrotate/logrotate"
| #define PACKAGE "logrotate"
| #define VERSION "3.21.0"
| #define STDC_HEADERS 1
| #define HAVE_SYS_TYPES_H 1
| #define HAVE_SYS_STAT_H 1
| #define HAVE_STDLIB_H 1
| #define HAVE_STRING_H 1
| #define HAVE_MEMORY_H 1
| #define HAVE_STRINGS_H 1
| #define HAVE_INTTYPES_H 1
| #define HAVE_STDINT_H 1
| #define HAVE_UNISTD_H 1
| #define __EXTENSIONS__ 1
| #define _ALL_SOURCE 1
| #define _GNU_SOURCE 1
| #define _POSIX_PTHREAD_SEMANTICS 1
| #define _TANDEM_SOURCE 1
| #define HAVE_STRUCT_STAT_ST_BLKSIZE 1
| #define HAVE_STRUCT_STAT_ST_BLOCKS 1
| #define HAVE_ST_BLOCKS 1
| #define _FILE_OFFSET_BITS 64
| #define HAVE_LIBGEN_H 1
| #define HAVE_LIBPOPT 1
| #define STATEFILE "/var/lib/logrotate.status"
| #define DEFAULT_MAIL_COMMAND "/bin/mail"
| #define COMPRESS_COMMAND "/bin/gzip"
| #define UNCOMPRESS_COMMAND "/bin/gunzip"
| #define COMPRESS_EXT ".gz"
| #define ROOT_UID 0
| #define HAVE_ASPRINTF 1
| #define HAVE_FUTIMENS 1
| #define HAVE_MADVISE 1
| #define HAVE_SECURE_GETENV 1
| #define HAVE_STRNDUP 1
| #define HAVE_UTIMENSAT 1
| #define HAVE_VSYSLOG 1
| /* end confdefs.h.  */
| #include <stdio.h>
| #ifdef HAVE_SYS_TYPES_H
| # include <sys/types.h>
| #endif
| #ifdef HAVE_SYS_STAT_H
| # include <sys/stat.h>
| #endif
| #ifdef STDC_HEADERS
| # include <stdlib.h>
| # include <stddef.h>
| #else
| # ifdef HAVE_STDLIB_H
| #  include <stdlib.h>
| # endif
| #endif
| #ifdef HAVE_STRING_H
| # if !defined STDC_HEADERS && defined HAVE_MEMORY_H
| #  include <memory.h>
| # endif
| # include <string.h>
| #endif
| #ifdef HAVE_STRINGS_H
| # include <strings.h>
| #endif
| #ifdef HAVE_INTTYPES_H
| # include <inttypes.h>
| #endif
| #ifdef HAVE_STDINT_H
| # include <stdint.h>
| #endif
| #ifdef HAVE_UNISTD_H
| # include <unistd.h>
| #endif
| int
| main ()
| {
| static struct stat ac_aggr;
| if (ac_aggr.st_atim)
| return 0;
|   ;
|   return 0;
| }
configure:5812: gcc -c -g -O2  conftest.c >&5
configure:5812: $? = 0
configure:5812: result: yes
configure:5821: checking for struct stat.st_mtim
configure:5821: gcc -c -g -O2  conftest.c >&5
conftest.c: In function 'main':
conftest.c:83:5: error: used struct type value where scalar is required
   83 | if (ac_aggr.st_mtim)
      |     ^~~~~~~
configure:5821: $? = 1
configure: failed program was:
| /* confdefs.h */
| #define PACKAGE_NAME "logrotate"
| #define PACKAGE_TARNAME "logrotate"
| #define PACKAGE_VERSION "3.21.0"
| #define PACKAGE_STRING "logrotate 3.21.0"
| #define PACKAGE_BUGREPORT ""
| #define PACKAGE_URL "https://github.com/logrotate/logrotate"
| #define PACKAGE "logrotate"
| #define VERSION "3.21.0"
| #define STDC_HEADERS 1
| #define HAVE_SYS_TYPES_H 1
| #define HAVE_SYS_STAT_H 1
| #define HAVE_STDLIB_H 1
| #define HAVE_STRING_H 1
| #define HAVE_MEMORY_H 1
| #define HAVE_STRINGS_H 1
| #define HAVE_INTTYPES_H 1
| #define HAVE_STDINT_H 1
| #define HAVE_UNISTD_H 1
| #define __EXTENSIONS__ 1
| #define _ALL_SOURCE 1
| #define _GNU_SOURCE 1
| #define _POSIX_PTHREAD_SEMANTICS 1
| #define _TANDEM_SOURCE 1
| #define HAVE_STRUCT_STAT_ST_BLKSIZE 1
| #define HAVE_STRUCT_STAT_ST_BLOCKS 1
| #define HAVE_ST_BLOCKS 1
| #define _FILE_OFFSET_BITS 64
| #define HAVE_LIBGEN_H 1
| #define HAVE_LIBPOPT 1
| #define STATEFILE "/var/lib/logrotate.status"
| #define DEFAULT_MAIL_COMMAND "/bin/mail"
| #define COMPRESS_COMMAND "/bin/gzip"
| #define UNCOMPRESS_COMMAND "/bin/gunzip"
| #define COMPRESS_EXT ".gz"
| #define ROOT_UID 0
| #define HAVE_ASPRINTF 1
| #define HAVE_FUTIMENS 1
| #define HAVE_MADVISE 1
| #define HAVE_SECURE_GETENV 1
| #define HAVE_STRNDUP 1
| #define HAVE_UTIMENSAT 1
| #define HAVE_VSYSLOG 1
| #define HAVE_STRUCT_STAT_ST_ATIM 1
| /* end confdefs.h.  */
| #include <stdio.h>
| #ifdef HAVE_SYS_TYPES_H
| # include <sys/types.h>
| #endif
| #ifdef HAVE_SYS_STAT_H
| # include <sys/stat.h>
| #endif
| #ifdef STDC_HEADERS
| # include <stdlib.h>
| # include <stddef.h>
| #else
| # ifdef HAVE_STDLIB_H
| #  include <stdlib.h>
| # endif
| #endif
| #ifdef HAVE_STRING_H
| # if !defined STDC_HEADERS && defined HAVE_MEMORY_H
| #  include <memory.h>
| # endif
| # include <string.h>
| #endif
| #ifdef HAVE_STRINGS_H
| # include <strings.h>
| #endif
| #ifdef HAVE_INTTYPES_H
| # include <inttypes.h>
| #endif
| #ifdef HAVE_STDINT_H
| # include <stdint.h>
| #endif
| #ifdef HAVE_UNISTD_H
| # include <unistd.h>
| #endif
| int
| main ()
| {
| static struct stat ac_aggr;
| if (ac_aggr.st_mtim)
| return 0;
|   ;
|   return 0;
| }
configure:5821: gcc -c -g -O2  conftest.c >&5
configure:5821: $? = 0
configure:5821: result: yes
configure:5989: creating ./config.status

## ---------------------- ##
## Running config.status. ##
## ---------------------- ##

This file was extended by logrotate config.status 3.21.0, which was
generated by GNU Autoconf 2.69.  Invocation command line was

  CONFIG_FILES    = 
  CONFIG_HEADERS  = 
  CONFIG_LINKS    = 
  CONFIG_COMMANDS = 
  $ ./config.status 

on raspberrypi2

config.status:862: creating Makefile
config.status:862: creating test/Makefile
config.status:862: creating logrotate.8
config.status:862: creating logrotate.spec
config.status:862: creating config.h
config.status:1091: executing depfiles commands
config.status:1168: cd .       && sed -e '/# am--include-marker/d' Makefile         | make -f - am--depfiles
config.status:1173: $? = 0
configure:7289: result:
  logrotate 3.21.0

  SELinux support:        no
  ACL support:            no
  default mail command:   /bin/mail
  compress command:       /bin/gzip
  uncompress command:     /bin/gunzip
  compress extension:     .gz
  statefile path:         /var/lib/logrotate.status


## ---------------- ##
## Cache variables. ##
## ---------------- ##

ac_cv_build=armv7l-unknown-linux-gnueabihf
ac_cv_c_compiler_gnu=yes
ac_cv_c_uint32_t=yes
ac_cv_env_CC_set=
ac_cv_env_CC_value=
ac_cv_env_CFLAGS_set=
ac_cv_env_CFLAGS_value=
ac_cv_env_CPPFLAGS_set=
ac_cv_env_CPPFLAGS_value=
ac_cv_env_CPP_set=
ac_cv_env_CPP_value=
ac_cv_env_LDFLAGS_set=
ac_cv_env_LDFLAGS_value=
ac_cv_env_LIBS_set=
ac_cv_env_LIBS_value=
ac_cv_env_build_alias_set=
ac_cv_env_build_alias_value=
ac_cv_env_host_alias_set=
ac_cv_env_host_alias_value=
ac_cv_env_target_alias_set=
ac_cv_env_target_alias_value=
ac_cv_func_asprintf=yes
ac_cv_func_futimens=yes
ac_cv_func_madvise=yes
ac_cv_func_secure_getenv=yes
ac_cv_func_strndup=yes
ac_cv_func_utimensat=yes
ac_cv_func_vsyslog=yes
ac_cv_header_inttypes_h=yes
ac_cv_header_libgen_h=yes
ac_cv_header_memory_h=yes
ac_cv_header_minix_config_h=no
ac_cv_header_stdc=yes
ac_cv_header_stdint_h=yes
ac_cv_header_stdlib_h=yes
ac_cv_header_string_h=yes
ac_cv_header_strings_h=yes
ac_cv_header_sys_stat_h=yes
ac_cv_header_sys_types_h=yes
ac_cv_header_unistd_h=yes
ac_cv_host=armv7l-unknown-linux-gnueabihf
ac_cv_lib_acl_acl_get_file=no
ac_cv_lib_popt_poptParseArgvString=yes
ac_cv_lib_selinux_getfscreatecon_raw=no
ac_cv_member_struct_stat_st_atim=yes
ac_cv_member_struct_stat_st_blksize=yes
ac_cv_member_struct_stat_st_blocks=yes
ac_cv_member_struct_stat_st_mtim=yes
ac_cv_objext=o
ac_cv_path_EGREP='/bin/grep -E'
ac_cv_path_GREP=/bin/grep
ac_cv_prog_AWK=awk
ac_cv_prog_CPP='gcc -E'
ac_cv_prog_ac_ct_CC=gcc
ac_cv_prog_cc_c89=
ac_cv_prog_cc_g=yes
ac_cv_prog_make_make_set=yes
ac_cv_safe_to_define___extensions__=yes
ac_cv_sys_file_offset_bits=64
ac_cv_sys_largefile_CC=no
am_cv_CC_dependencies_compiler_type=gcc3
am_cv_make_support_nested_variables=yes
am_cv_prog_cc_c_o=yes

## ----------------- ##
## Output variables. ##
## ----------------- ##

ACLOCAL='${SHELL} /home/root/logrotate-3.21.0/missing aclocal-1.16'
AMDEPBACKSLASH='\'
AMDEP_FALSE='#'
AMDEP_TRUE=''
AMTAR='$${TAR-tar}'
AM_BACKSLASH='\'
AM_CFLAGS=' -Wall -Wconversion -Wdeclaration-after-statement -Wextra -Wmissing-format-attribute -Wmissing-noreturn -Wmissing-prototypes -Wpointer-arith -Wshadow -Wstrict-prototypes -Wundef -Wunused -Wwrite-strings'
AM_DEFAULT_V='$(AM_DEFAULT_VERBOSITY)'
AM_DEFAULT_VERBOSITY='0'
AM_V='$(V)'
AUTOCONF='${SHELL} /home/root/logrotate-3.21.0/missing autoconf'
AUTOHEADER='${SHELL} /home/root/logrotate-3.21.0/missing autoheader'
AUTOMAKE='${SHELL} /home/root/logrotate-3.21.0/missing automake-1.16'
AWK='awk'
CC='gcc'
CCDEPMODE='depmode=gcc3'
CFLAGS='-g -O2'
COMPRESS_COMMAND='/bin/gzip'
COMPRESS_EXT='.gz'
CPP='gcc -E'
CPPFLAGS=''
CYGPATH_W='echo'
DEFAULT_MAIL_COMMAND='/bin/mail'
DEFS='-DHAVE_CONFIG_H'
DEPDIR='.deps'
ECHO_C=''
ECHO_N='-n'
ECHO_T=''
EGREP='/bin/grep -E'
EXEEXT=''
GREP='/bin/grep'
INSTALL_DATA='${INSTALL} -m 644'
INSTALL_PROGRAM='${INSTALL}'
INSTALL_SCRIPT='${INSTALL}'
INSTALL_STRIP_PROGRAM='$(install_sh) -c -s'
LDFLAGS=''
LIBOBJS=''
LIBS='-lpopt '
LTLIBOBJS=''
MAKEINFO='${SHELL} /home/root/logrotate-3.21.0/missing makeinfo'
MKDIR_P='./install-sh -c -d'
OBJEXT='o'
PACKAGE='logrotate'
PACKAGE_BUGREPORT=''
PACKAGE_NAME='logrotate'
PACKAGE_STRING='logrotate 3.21.0'
PACKAGE_TARNAME='logrotate'
PACKAGE_URL='https://github.com/logrotate/logrotate'
PACKAGE_VERSION='3.21.0'
PATH_SEPARATOR=':'
ROOT_UID=''
SET_MAKE=''
SHELL='/bin/sh'
STATE_FILE_PATH='/var/lib/logrotate.status'
STRIP=''
UNCOMPRESS_COMMAND='/bin/gunzip'
VERSION='3.21.0'
ac_ct_CC='gcc'
am__EXEEXT_FALSE=''
am__EXEEXT_TRUE='#'
am__fastdepCC_FALSE='#'
am__fastdepCC_TRUE=''
am__include='include'
am__isrc=''
am__leading_dot='.'
am__nodep='_no'
am__quote=''
am__tar='$${TAR-tar} chof - "$$tardir"'
am__untar='$${TAR-tar} xf -'
bindir='${exec_prefix}/bin'
build='armv7l-unknown-linux-gnueabihf'
build_alias=''
build_cpu='armv7l'
build_os='linux-gnueabihf'
build_vendor='unknown'
datadir='${datarootdir}'
datarootdir='${prefix}/share'
docdir='${datarootdir}/doc/${PACKAGE_TARNAME}'
dvidir='${docdir}'
exec_prefix='${prefix}'
host='armv7l-unknown-linux-gnueabihf'
host_alias=''
host_cpu='armv7l'
host_os='linux-gnueabihf'
host_vendor='unknown'
htmldir='${docdir}'
includedir='${prefix}/include'
infodir='${datarootdir}/info'
install_sh='${SHELL} /home/root/logrotate-3.21.0/install-sh'
libdir='${exec_prefix}/lib'
libexecdir='${exec_prefix}/libexec'
localedir='${datarootdir}/locale'
localstatedir='${prefix}/var'
mandir='${datarootdir}/man'
mkdir_p='$(MKDIR_P)'
oldincludedir='/usr/include'
pdfdir='${docdir}'
prefix='/usr/local'
program_transform_name='s,x,x,'
psdir='${docdir}'
sbindir='${exec_prefix}/sbin'
sharedstatedir='${prefix}/com'
sysconfdir='${prefix}/etc'
target_alias=''

## ----------- ##
## confdefs.h. ##
## ----------- ##

/* confdefs.h */
#define PACKAGE_NAME "logrotate"
#define PACKAGE_TARNAME "logrotate"
#define PACKAGE_VERSION "3.21.0"
#define PACKAGE_STRING "logrotate 3.21.0"
#define PACKAGE_BUGREPORT ""
#define PACKAGE_URL "https://github.com/logrotate/logrotate"
#define PACKAGE "logrotate"
#define VERSION "3.21.0"
#define STDC_HEADERS 1
#define HAVE_SYS_TYPES_H 1
#define HAVE_SYS_STAT_H 1
#define HAVE_STDLIB_H 1
#define HAVE_STRING_H 1
#define HAVE_MEMORY_H 1
#define HAVE_STRINGS_H 1
#define HAVE_INTTYPES_H 1
#define HAVE_STDINT_H 1
#define HAVE_UNISTD_H 1
#define __EXTENSIONS__ 1
#define _ALL_SOURCE 1
#define _GNU_SOURCE 1
#define _POSIX_PTHREAD_SEMANTICS 1
#define _TANDEM_SOURCE 1
#define HAVE_STRUCT_STAT_ST_BLKSIZE 1
#define HAVE_STRUCT_STAT_ST_BLOCKS 1
#define HAVE_ST_BLOCKS 1
#define _FILE_OFFSET_BITS 64
#define HAVE_LIBGEN_H 1
#define HAVE_LIBPOPT 1
#define STATEFILE "/var/lib/logrotate.status"
#define DEFAULT_MAIL_COMMAND "/bin/mail"
#define COMPRESS_COMMAND "/bin/gzip"
#define UNCOMPRESS_COMMAND "/bin/gunzip"
#define COMPRESS_EXT ".gz"
#define ROOT_UID 0
#define HAVE_ASPRINTF 1
#define HAVE_FUTIMENS 1
#define HAVE_MADVISE 1
#define HAVE_SECURE_GETENV 1
#define HAVE_STRNDUP 1
#define HAVE_UTIMENSAT 1
#define HAVE_VSYSLOG 1
#define HAVE_STRUCT_STAT_ST_ATIM 1
#define HAVE_STRUCT_STAT_ST_MTIM 1

configure: exit 0
