This file contains any messages produced by compilers while
running configure, to aid debugging if configure makes a mistake.

It was created by msmtp configure 1.8.24, which was
generated by GNU Autoconf 2.71.  Invocation command line was

  $ ./configure --prefix=/opt/msmtp-1.8.24

## --------- ##
## Platform. ##
## --------- ##

hostname = raspberrypi2
uname -m = armv7l
uname -r = 5.10.110-rpi-venus-4
uname -s = Linux
uname -v = #1 SMP Thu Apr 3 15:32:13 UTC 2025

/usr/bin/uname -p = unknown
/bin/uname -X     = unknown

/bin/arch              = unknown
/usr/bin/arch -k       = unknown
/usr/convex/getsysinfo = unknown
/usr/bin/hostinfo      = unknown
/bin/machine           = unknown
/usr/bin/oslevel       = unknown
/bin/universe          = unknown

PATH: /usr/local/bin/
PATH: /usr/bin/
PATH: /bin/
PATH: /usr/local/sbin/
PATH: /usr/sbin/
PATH: /sbin/


## ----------- ##
## Core tests. ##
## ----------- ##

configure:2562: looking for aux files: config.rpath missing install-sh compile config.guess config.sub
configure:2575:  trying ./build-aux/
configure:2604:   ./build-aux/config.rpath found
configure:2604:   ./build-aux/missing found
configure:2586:   ./build-aux/install-sh found
configure:2604:   ./build-aux/compile found
configure:2604:   ./build-aux/config.guess found
configure:2604:   ./build-aux/config.sub found
configure:2726: checking build system type
configure:2741: result: armv7l-unknown-linux-gnueabihf
configure:2761: checking host system type
configure:2775: result: armv7l-unknown-linux-gnueabihf
configure:2795: checking target system type
configure:2809: result: armv7l-unknown-linux-gnueabihf
configure:2901: checking for gcc
configure:2922: found /usr/bin/gcc
configure:2933: result: gcc
configure:3286: checking for C compiler version
configure:3295: gcc --version >&5
gcc (GCC) 9.5.0
Copyright (C) 2019 Free Software Foundation, Inc.
This is free software; see the source for copying conditions.  There is NO
warranty; not even for MERCHANTABILITY or FITNESS FOR A PARTICULAR PURPOSE.

configure:3306: $? = 0
configure:3295: gcc -v >&5
Using built-in specs.
COLLECT_GCC=gcc
COLLECT_LTO_WRAPPER=/usr/libexec/gcc/arm-ve-linux-gnueabi/9.5.0/lto-wrapper
Target: arm-ve-linux-gnueabi
Configured with: ../../../../../../work-shared/gcc-9.5.0-r0/gcc-9.5.0/configure --build=x86_64-linux --host=arm-ve-linux-gnueabi --target=arm-ve-linux-gnueabi --prefix=/usr --exec_prefix=/usr --bindir=/usr/bin --sbindir=/usr/sbin --libexecdir=/usr/libexec --datadir=/usr/share --sysconfdir=/etc --sharedstatedir=/com --localstatedir=/var --libdir=/usr/lib --includedir=/usr/include --oldincludedir=/usr/include --infodir=/usr/share/info --mandir=/usr/share/man --disable-silent-rules --disable-dependency-tracking --with-libtool-sysroot=/ --with-gnu-ld --enable-shared --enable-languages=c,c++ --enable-threads=posix --enable-multilib --enable-c99 --enable-long-long --enable-symvers=gnu --enable-libstdcxx-pch --program-prefix=arm-ve-linux-gnueabi- --without-local-prefix --disable-install-libiberty --enable-lto --disable-libssp --enable-libitm --disable-bootstrap --disable-libmudflap --with-system-zlib --with-linker-hash-style=gnu --enable-linker-build-id --with-ppl=no --with-cloog=no --enable-checking=release --enable-cheaders=c_global --without-isl --with-float=hard --with-build-sysroot=/ --enable-nls --with-glibc-version=2.28 --enable-initfini-array --with-arch=armv7ve+fp
Thread model: posix
gcc version 9.5.0 (GCC) 
configure:3306: $? = 0
configure:3295: gcc -V >&5
gcc: error: unrecognized command line option '-V'
gcc: fatal error: no input files
compilation terminated.
configure:3306: $? = 1
configure:3295: gcc -qversion >&5
gcc: error: unrecognized command line option '-qversion'; did you mean '--version'?
gcc: fatal error: no input files
compilation terminated.
configure:3306: $? = 1
configure:3295: gcc -version >&5
gcc: error: unrecognized command line option '-version'
gcc: fatal error: no input files
compilation terminated.
configure:3306: $? = 1
configure:3326: checking whether the C compiler works
configure:3348: gcc    conftest.c  >&5
configure:3352: $? = 0
configure:3402: result: yes
configure:3405: checking for C compiler default output file name
configure:3407: result: a.out
configure:3413: checking for suffix of executables
configure:3420: gcc -o conftest    conftest.c  >&5
configure:3424: $? = 0
configure:3447: result: 
configure:3469: checking whether we are cross compiling
configure:3477: gcc -o conftest    conftest.c  >&5
configure:3481: $? = 0
configure:3488: ./conftest
configure:3492: $? = 0
configure:3480: result: no
configure:3485: checking for suffix of object files
configure:3508: gcc -c   conftest.c >&5
configure:3512: $? = 0
configure:3534: result: o
configure:3538: checking whether the compiler supports GNU C
configure:3558: gcc -c   conftest.c >&5
configure:3558: $? = 0
configure:3568: result: yes
configure:3579: checking whether gcc accepts -g
configure:3600: gcc -c -g  conftest.c >&5
configure:3600: $? = 0
configure:3644: result: yes
configure:3664: checking for gcc option to enable C11 features
configure:3679: gcc  -c -g -O2  conftest.c >&5
configure:3679: $? = 0
configure:3697: result: none needed
configure:3813: checking whether gcc understands -c and -o together
configure:3836: gcc -c conftest.c -o conftest2.o
configure:3839: $? = 0
configure:3836: gcc -c conftest.c -o conftest2.o
configure:3839: $? = 0
configure:3851: result: yes
configure:3873: checking for stdio.h
configure:3873: gcc -c -g -O2  conftest.c >&5
configure:3873: $? = 0
configure:3873: result: yes
configure:3873: checking for stdlib.h
configure:3873: gcc -c -g -O2  conftest.c >&5
configure:3873: $? = 0
configure:3873: result: yes
configure:3873: checking for string.h
configure:3873: gcc -c -g -O2  conftest.c >&5
configure:3873: $? = 0
configure:3873: result: yes
configure:3873: checking for inttypes.h
configure:3873: gcc -c -g -O2  conftest.c >&5
configure:3873: $? = 0
configure:3873: result: yes
configure:3873: checking for stdint.h
configure:3873: gcc -c -g -O2  conftest.c >&5
configure:3873: $? = 0
configure:3873: result: yes
configure:3873: checking for strings.h
configure:3873: gcc -c -g -O2  conftest.c >&5
configure:3873: $? = 0
configure:3873: result: yes
configure:3873: checking for sys/stat.h
configure:3873: gcc -c -g -O2  conftest.c >&5
configure:3873: $? = 0
configure:3873: result: yes
configure:3873: checking for sys/types.h
configure:3873: gcc -c -g -O2  conftest.c >&5
configure:3873: $? = 0
configure:3873: result: yes
configure:3873: checking for unistd.h
configure:3873: gcc -c -g -O2  conftest.c >&5
configure:3873: $? = 0
configure:3873: result: yes
configure:3873: checking for wchar.h
configure:3873: gcc -c -g -O2  conftest.c >&5
configure:3873: $? = 0
configure:3873: result: yes
configure:3873: checking for minix/config.h
configure:3873: gcc -c -g -O2  conftest.c >&5
conftest.c:47:10: fatal error: minix/config.h: No such file or directory
   47 | #include <minix/config.h>
      |          ^~~~~~~~~~~~~~~~
compilation terminated.
configure:3873: $? = 1
configure: failed program was:
| /* confdefs.h */
| #define PACKAGE_NAME "msmtp"
| #define PACKAGE_TARNAME "msmtp"
| #define PACKAGE_VERSION "1.8.24"
| #define PACKAGE_STRING "msmtp 1.8.24"
| #define PACKAGE_BUGREPORT "marlam@marlam.de"
| #define PACKAGE_URL "https://marlam.de/msmtp"
| #define HAVE_STDIO_H 1
| #define HAVE_STDLIB_H 1
| #define HAVE_STRING_H 1
| #define HAVE_INTTYPES_H 1
| #define HAVE_STDINT_H 1
| #define HAVE_STRINGS_H 1
| #define HAVE_SYS_STAT_H 1
| #define HAVE_SYS_TYPES_H 1
| #define HAVE_UNISTD_H 1
| #define HAVE_WCHAR_H 1
| /* end confdefs.h.  */
| #include <stddef.h>
| #ifdef HAVE_STDIO_H
| # include <stdio.h>
| #endif
| #ifdef HAVE_STDLIB_H
| # include <stdlib.h>
| #endif
| #ifdef HAVE_STRING_H
| # include <string.h>
| #endif
| #ifdef HAVE_INTTYPES_H
| # include <inttypes.h>
| #endif
| #ifdef HAVE_STDINT_H
| # include <stdint.h>
| #endif
| #ifdef HAVE_STRINGS_H
| # include <strings.h>
| #endif
| #ifdef HAVE_SYS_TYPES_H
| # include <sys/types.h>
| #endif
| #ifdef HAVE_SYS_STAT_H
| # include <sys/stat.h>
| #endif
| #ifdef HAVE_UNISTD_H
| # include <unistd.h>
| #endif
| #include <minix/config.h>
configure:3873: result: no
configure:3904: checking whether it is safe to define __EXTENSIONS__
configure:3923: gcc -c -g -O2  conftest.c >&5
configure:3923: $? = 0
configure:3931: result: yes
configure:3934: checking whether _XOPEN_SOURCE should be defined
configure:3956: gcc -c -g -O2  conftest.c >&5
configure:3956: $? = 0
configure:3983: result: no
configure:4047: checking for special C compiler options needed for large files
configure:4095: result: no
configure:4101: checking for _FILE_OFFSET_BITS value needed for large files
configure:4127: gcc -c -g -O2  conftest.c >&5
conftest.c:41:39: warning: result of '-2147483648 << 31' requires 63 bits to represent, but 'long int' only has 32 bits [-Wshift-overflow=]
   41 | #define LARGE_OFF_T (((off_t) 1 << 31 << 31) - 1 + ((off_t) 1 << 31 << 31))
      |                                       ^~
conftest.c:42:23: note: in expansion of macro 'LARGE_OFF_T'
   42 |   int off_t_is_large[(LARGE_OFF_T % 2147483629 == 721
      |                       ^~~~~~~~~~~
conftest.c:41:69: warning: result of '-2147483648 << 31' requires 63 bits to represent, but 'long int' only has 32 bits [-Wshift-overflow=]
   41 | #define LARGE_OFF_T (((off_t) 1 << 31 << 31) - 1 + ((off_t) 1 << 31 << 31))
      |                                                                     ^~
conftest.c:42:23: note: in expansion of macro 'LARGE_OFF_T'
   42 |   int off_t_is_large[(LARGE_OFF_T % 2147483629 == 721
      |                       ^~~~~~~~~~~
conftest.c:41:39: warning: result of '-2147483648 << 31' requires 63 bits to represent, but 'long int' only has 32 bits [-Wshift-overflow=]
   41 | #define LARGE_OFF_T (((off_t) 1 << 31 << 31) - 1 + ((off_t) 1 << 31 << 31))
      |                                       ^~
conftest.c:43:13: note: in expansion of macro 'LARGE_OFF_T'
   43 |          && LARGE_OFF_T % 2147483647 == 1)
      |             ^~~~~~~~~~~
conftest.c:41:69: warning: result of '-2147483648 << 31' requires 63 bits to represent, but 'long int' only has 32 bits [-Wshift-overflow=]
   41 | #define LARGE_OFF_T (((off_t) 1 << 31 << 31) - 1 + ((off_t) 1 << 31 << 31))
      |                                                                     ^~
conftest.c:43:13: note: in expansion of macro 'LARGE_OFF_T'
   43 |          && LARGE_OFF_T % 2147483647 == 1)
      |             ^~~~~~~~~~~
conftest.c:42:7: error: variably modified 'off_t_is_large' at file scope
   42 |   int off_t_is_large[(LARGE_OFF_T % 2147483629 == 721
      |       ^~~~~~~~~~~~~~
configure:4127: $? = 1
configure: failed program was:
| /* confdefs.h */
| #define PACKAGE_NAME "msmtp"
| #define PACKAGE_TARNAME "msmtp"
| #define PACKAGE_VERSION "1.8.24"
| #define PACKAGE_STRING "msmtp 1.8.24"
| #define PACKAGE_BUGREPORT "marlam@marlam.de"
| #define PACKAGE_URL "https://marlam.de/msmtp"
| #define HAVE_STDIO_H 1
| #define HAVE_STDLIB_H 1
| #define HAVE_STRING_H 1
| #define HAVE_INTTYPES_H 1
| #define HAVE_STDINT_H 1
| #define HAVE_STRINGS_H 1
| #define HAVE_SYS_STAT_H 1
| #define HAVE_SYS_TYPES_H 1
| #define HAVE_UNISTD_H 1
| #define HAVE_WCHAR_H 1
| #define STDC_HEADERS 1
| #define _ALL_SOURCE 1
| #define _DARWIN_C_SOURCE 1
| #define _GNU_SOURCE 1
| #define _HPUX_ALT_XOPEN_SOCKET_API 1
| #define _NETBSD_SOURCE 1
| #define _OPENBSD_SOURCE 1
| #define _POSIX_PTHREAD_SEMANTICS 1
| #define __STDC_WANT_IEC_60559_ATTRIBS_EXT__ 1
| #define __STDC_WANT_IEC_60559_BFP_EXT__ 1
| #define __STDC_WANT_IEC_60559_DFP_EXT__ 1
| #define __STDC_WANT_IEC_60559_FUNCS_EXT__ 1
| #define __STDC_WANT_IEC_60559_TYPES_EXT__ 1
| #define __STDC_WANT_LIB_EXT2__ 1
| #define __STDC_WANT_MATH_SPEC_FUNCS__ 1
| #define _TANDEM_SOURCE 1
| #define __EXTENSIONS__ 1
| /* end confdefs.h.  */
| #include <sys/types.h>
|  /* Check that off_t can represent 2**63 - 1 correctly.
|     We can't simply define LARGE_OFF_T to be 9223372036854775807,
|     since some C++ compilers masquerading as C compilers
|     incorrectly reject 9223372036854775807.  */
| #define LARGE_OFF_T (((off_t) 1 << 31 << 31) - 1 + ((off_t) 1 << 31 << 31))
|   int off_t_is_large[(LARGE_OFF_T % 2147483629 == 721
| 		       && LARGE_OFF_T % 2147483647 == 1)
| 		      ? 1 : -1];
| int
| main (void)
| {
| 
|   ;
|   return 0;
| }
configure:4152: gcc -c -g -O2  conftest.c >&5
configure:4152: $? = 0
configure:4161: result: 64
configure:4260: checking for a BSD-compatible install
configure:4333: result: ./build-aux/install-sh -c
configure:4344: checking whether build environment is sane
configure:4399: result: yes
configure:4552: checking for a race-free mkdir -p
configure:4596: result: ./build-aux/install-sh -c -d
configure:4603: checking for gawk
configure:4638: result: no
configure:4603: checking for mawk
configure:4638: result: no
configure:4603: checking for nawk
configure:4638: result: no
configure:4603: checking for awk
configure:4624: found /usr/bin/awk
configure:4635: result: awk
configure:4646: checking whether make sets $(MAKE)
configure:4669: result: yes
configure:4691: checking whether make supports the include directive
configure:4706: make -f confmf.GNU && cat confinc.out
this is the am__doit target
configure:4709: $? = 0
configure:4728: result: yes (GNU style)
configure:4763: checking whether make supports nested variables
configure:4781: result: yes
configure:4862: checking dependency style of gcc
configure:4974: result: gcc3
configure:5058: checking whether make supports nested variables
configure:5076: result: yes
configure:5140: checking for gcc
configure:5172: result: gcc
configure:5525: checking for C compiler version
configure:5534: gcc --version >&5
gcc (GCC) 9.5.0
Copyright (C) 2019 Free Software Foundation, Inc.
This is free software; see the source for copying conditions.  There is NO
warranty; not even for MERCHANTABILITY or FITNESS FOR A PARTICULAR PURPOSE.

configure:5545: $? = 0
configure:5534: gcc -v >&5
Using built-in specs.
COLLECT_GCC=gcc
COLLECT_LTO_WRAPPER=/usr/libexec/gcc/arm-ve-linux-gnueabi/9.5.0/lto-wrapper
Target: arm-ve-linux-gnueabi
Configured with: ../../../../../../work-shared/gcc-9.5.0-r0/gcc-9.5.0/configure --build=x86_64-linux --host=arm-ve-linux-gnueabi --target=arm-ve-linux-gnueabi --prefix=/usr --exec_prefix=/usr --bindir=/usr/bin --sbindir=/usr/sbin --libexecdir=/usr/libexec --datadir=/usr/share --sysconfdir=/etc --sharedstatedir=/com --localstatedir=/var --libdir=/usr/lib --includedir=/usr/include --oldincludedir=/usr/include --infodir=/usr/share/info --mandir=/usr/share/man --disable-silent-rules --disable-dependency-tracking --with-libtool-sysroot=/ --with-gnu-ld --enable-shared --enable-languages=c,c++ --enable-threads=posix --enable-multilib --enable-c99 --enable-long-long --enable-symvers=gnu --enable-libstdcxx-pch --program-prefix=arm-ve-linux-gnueabi- --without-local-prefix --disable-install-libiberty --enable-lto --disable-libssp --enable-libitm --disable-bootstrap --disable-libmudflap --with-system-zlib --with-linker-hash-style=gnu --enable-linker-build-id --with-ppl=no --with-cloog=no --enable-checking=release --enable-cheaders=c_global --without-isl --with-float=hard --with-build-sysroot=/ --enable-nls --with-glibc-version=2.28 --enable-initfini-array --with-arch=armv7ve+fp
Thread model: posix
gcc version 9.5.0 (GCC) 
configure:5545: $? = 0
configure:5534: gcc -V >&5
gcc: error: unrecognized command line option '-V'
gcc: fatal error: no input files
compilation terminated.
configure:5545: $? = 1
configure:5534: gcc -qversion >&5
gcc: error: unrecognized command line option '-qversion'; did you mean '--version'?
gcc: fatal error: no input files
compilation terminated.
configure:5545: $? = 1
configure:5534: gcc -version >&5
gcc: error: unrecognized command line option '-version'
gcc: fatal error: no input files
compilation terminated.
configure:5545: $? = 1
configure:5549: checking whether the compiler supports GNU C
configure:5579: result: yes
configure:5590: checking whether gcc accepts -g
configure:5655: result: yes
configure:5675: checking for gcc option to enable C11 features
configure:5708: result: none needed
configure:5824: checking whether gcc understands -c and -o together
configure:5862: result: yes
configure:5893: checking for a sed that does not truncate output
configure:5963: result: /bin/sed
configure:5969: checking whether NLS is requested
configure:5979: result: yes
configure:6019: checking for msgfmt
configure: trying /usr/bin/msgfmt...
0 translated messages.
configure:6052: result: /usr/bin/msgfmt
configure:6061: checking for gmsgfmt
configure:6097: result: /usr/bin/msgfmt
configure:6142: checking for xgettext
configure: trying /usr/bin/xgettext...
/usr/bin/xgettext: warning: file '/dev/null' extension '' is unknown; will try C
configure:6175: result: /usr/bin/xgettext
configure:6220: checking for msgmerge
configure: trying /usr/bin/msgmerge...
configure:6252: result: /usr/bin/msgmerge
configure:6320: checking for ld used by gcc
configure:6448: result: /usr/arm-ve-linux-gnueabi/bin/ld
configure:6455: checking if the linker (/usr/arm-ve-linux-gnueabi/bin/ld) is GNU ld
configure:6471: result: yes
configure:6479: checking for shared library run path origin
configure:6493: result: done
configure:6515: checking 32-bit host C ABI
configure:6607: gcc -c -g -O2  conftest.c >&5
conftest.c:43:20: error: unknown type name 'error'
   43 |                    error fail
      |                    ^~~~~
conftest.c:43:20: error: expected '=', ',', ';', 'asm' or '__attribute__' at end of input
configure:6607: $? = 1
configure: failed program was:
| /* confdefs.h */
| #define PACKAGE_NAME "msmtp"
| #define PACKAGE_TARNAME "msmtp"
| #define PACKAGE_VERSION "1.8.24"
| #define PACKAGE_STRING "msmtp 1.8.24"
| #define PACKAGE_BUGREPORT "marlam@marlam.de"
| #define PACKAGE_URL "https://marlam.de/msmtp"
| #define HAVE_STDIO_H 1
| #define HAVE_STDLIB_H 1
| #define HAVE_STRING_H 1
| #define HAVE_INTTYPES_H 1
| #define HAVE_STDINT_H 1
| #define HAVE_STRINGS_H 1
| #define HAVE_SYS_STAT_H 1
| #define HAVE_SYS_TYPES_H 1
| #define HAVE_UNISTD_H 1
| #define HAVE_WCHAR_H 1
| #define STDC_HEADERS 1
| #define _ALL_SOURCE 1
| #define _DARWIN_C_SOURCE 1
| #define _GNU_SOURCE 1
| #define _HPUX_ALT_XOPEN_SOCKET_API 1
| #define _NETBSD_SOURCE 1
| #define _OPENBSD_SOURCE 1
| #define _POSIX_PTHREAD_SEMANTICS 1
| #define __STDC_WANT_IEC_60559_ATTRIBS_EXT__ 1
| #define __STDC_WANT_IEC_60559_BFP_EXT__ 1
| #define __STDC_WANT_IEC_60559_DFP_EXT__ 1
| #define __STDC_WANT_IEC_60559_FUNCS_EXT__ 1
| #define __STDC_WANT_IEC_60559_TYPES_EXT__ 1
| #define __STDC_WANT_LIB_EXT2__ 1
| #define __STDC_WANT_MATH_SPEC_FUNCS__ 1
| #define _TANDEM_SOURCE 1
| #define __EXTENSIONS__ 1
| #define _FILE_OFFSET_BITS 64
| #define PACKAGE "msmtp"
| #define VERSION "1.8.24"
| #define PLATFORM "armv7l-unknown-linux-gnueabihf"
| /* end confdefs.h.  */
| #if defined __aarch64__ && !(defined __ILP32__ || defined _ILP32)
|                    int ok;
|                   #else
|                    error fail
|                   #endif
| 
configure:6778: result: yes
configure:6788: checking how to run the C preprocessor
configure:6814: gcc -E  conftest.c
configure:6814: $? = 0
configure:6829: gcc -E  conftest.c
conftest.c:40:10: fatal error: ac_nonexistent.h: No such file or directory
   40 | #include <ac_nonexistent.h>
      |          ^~~~~~~~~~~~~~~~~~
compilation terminated.
configure:6829: $? = 1
configure: failed program was:
| /* confdefs.h */
| #define PACKAGE_NAME "msmtp"
| #define PACKAGE_TARNAME "msmtp"
| #define PACKAGE_VERSION "1.8.24"
| #define PACKAGE_STRING "msmtp 1.8.24"
| #define PACKAGE_BUGREPORT "marlam@marlam.de"
| #define PACKAGE_URL "https://marlam.de/msmtp"
| #define HAVE_STDIO_H 1
| #define HAVE_STDLIB_H 1
| #define HAVE_STRING_H 1
| #define HAVE_INTTYPES_H 1
| #define HAVE_STDINT_H 1
| #define HAVE_STRINGS_H 1
| #define HAVE_SYS_STAT_H 1
| #define HAVE_SYS_TYPES_H 1
| #define HAVE_UNISTD_H 1
| #define HAVE_WCHAR_H 1
| #define STDC_HEADERS 1
| #define _ALL_SOURCE 1
| #define _DARWIN_C_SOURCE 1
| #define _GNU_SOURCE 1
| #define _HPUX_ALT_XOPEN_SOCKET_API 1
| #define _NETBSD_SOURCE 1
| #define _OPENBSD_SOURCE 1
| #define _POSIX_PTHREAD_SEMANTICS 1
| #define __STDC_WANT_IEC_60559_ATTRIBS_EXT__ 1
| #define __STDC_WANT_IEC_60559_BFP_EXT__ 1
| #define __STDC_WANT_IEC_60559_DFP_EXT__ 1
| #define __STDC_WANT_IEC_60559_FUNCS_EXT__ 1
| #define __STDC_WANT_IEC_60559_TYPES_EXT__ 1
| #define __STDC_WANT_LIB_EXT2__ 1
| #define __STDC_WANT_MATH_SPEC_FUNCS__ 1
| #define _TANDEM_SOURCE 1
| #define __EXTENSIONS__ 1
| #define _FILE_OFFSET_BITS 64
| #define PACKAGE "msmtp"
| #define VERSION "1.8.24"
| #define PLATFORM "armv7l-unknown-linux-gnueabihf"
| /* end confdefs.h.  */
| #include <ac_nonexistent.h>
configure:6856: result: gcc -E
configure:6870: gcc -E  conftest.c
configure:6870: $? = 0
configure:6885: gcc -E  conftest.c
conftest.c:40:10: fatal error: ac_nonexistent.h: No such file or directory
   40 | #include <ac_nonexistent.h>
      |          ^~~~~~~~~~~~~~~~~~
compilation terminated.
configure:6885: $? = 1
configure: failed program was:
| /* confdefs.h */
| #define PACKAGE_NAME "msmtp"
| #define PACKAGE_TARNAME "msmtp"
| #define PACKAGE_VERSION "1.8.24"
| #define PACKAGE_STRING "msmtp 1.8.24"
| #define PACKAGE_BUGREPORT "marlam@marlam.de"
| #define PACKAGE_URL "https://marlam.de/msmtp"
| #define HAVE_STDIO_H 1
| #define HAVE_STDLIB_H 1
| #define HAVE_STRING_H 1
| #define HAVE_INTTYPES_H 1
| #define HAVE_STDINT_H 1
| #define HAVE_STRINGS_H 1
| #define HAVE_SYS_STAT_H 1
| #define HAVE_SYS_TYPES_H 1
| #define HAVE_UNISTD_H 1
| #define HAVE_WCHAR_H 1
| #define STDC_HEADERS 1
| #define _ALL_SOURCE 1
| #define _DARWIN_C_SOURCE 1
| #define _GNU_SOURCE 1
| #define _HPUX_ALT_XOPEN_SOCKET_API 1
| #define _NETBSD_SOURCE 1
| #define _OPENBSD_SOURCE 1
| #define _POSIX_PTHREAD_SEMANTICS 1
| #define __STDC_WANT_IEC_60559_ATTRIBS_EXT__ 1
| #define __STDC_WANT_IEC_60559_BFP_EXT__ 1
| #define __STDC_WANT_IEC_60559_DFP_EXT__ 1
| #define __STDC_WANT_IEC_60559_FUNCS_EXT__ 1
| #define __STDC_WANT_IEC_60559_TYPES_EXT__ 1
| #define __STDC_WANT_LIB_EXT2__ 1
| #define __STDC_WANT_MATH_SPEC_FUNCS__ 1
| #define _TANDEM_SOURCE 1
| #define __EXTENSIONS__ 1
| #define _FILE_OFFSET_BITS 64
| #define PACKAGE "msmtp"
| #define VERSION "1.8.24"
| #define PLATFORM "armv7l-unknown-linux-gnueabihf"
| /* end confdefs.h.  */
| #include <ac_nonexistent.h>
configure:6916: checking for grep that handles long lines and -e
configure:6980: result: /bin/grep
configure:6985: checking for egrep
configure:7053: result: /bin/grep -E
configure:7062: checking for ELF binary format
configure:7086: result: yes
configure:7135: checking for the common suffixes of directories in the library search path
configure:7204: result: lib,lib,lib
configure:7722: checking for CFPreferencesCopyAppValue
configure:7741: gcc -o conftest -g -O2   conftest.c  -Wl,-framework -Wl,CoreFoundation >&5
conftest.c:40:10: fatal error: CoreFoundation/CFPreferences.h: No such file or directory
   40 | #include <CoreFoundation/CFPreferences.h>
      |          ^~~~~~~~~~~~~~~~~~~~~~~~~~~~~~~~
compilation terminated.
configure:7741: $? = 1
configure: failed program was:
| /* confdefs.h */
| #define PACKAGE_NAME "msmtp"
| #define PACKAGE_TARNAME "msmtp"
| #define PACKAGE_VERSION "1.8.24"
| #define PACKAGE_STRING "msmtp 1.8.24"
| #define PACKAGE_BUGREPORT "marlam@marlam.de"
| #define PACKAGE_URL "https://marlam.de/msmtp"
| #define HAVE_STDIO_H 1
| #define HAVE_STDLIB_H 1
| #define HAVE_STRING_H 1
| #define HAVE_INTTYPES_H 1
| #define HAVE_STDINT_H 1
| #define HAVE_STRINGS_H 1
| #define HAVE_SYS_STAT_H 1
| #define HAVE_SYS_TYPES_H 1
| #define HAVE_UNISTD_H 1
| #define HAVE_WCHAR_H 1
| #define STDC_HEADERS 1
| #define _ALL_SOURCE 1
| #define _DARWIN_C_SOURCE 1
| #define _GNU_SOURCE 1
| #define _HPUX_ALT_XOPEN_SOCKET_API 1
| #define _NETBSD_SOURCE 1
| #define _OPENBSD_SOURCE 1
| #define _POSIX_PTHREAD_SEMANTICS 1
| #define __STDC_WANT_IEC_60559_ATTRIBS_EXT__ 1
| #define __STDC_WANT_IEC_60559_BFP_EXT__ 1
| #define __STDC_WANT_IEC_60559_DFP_EXT__ 1
| #define __STDC_WANT_IEC_60559_FUNCS_EXT__ 1
| #define __STDC_WANT_IEC_60559_TYPES_EXT__ 1
| #define __STDC_WANT_LIB_EXT2__ 1
| #define __STDC_WANT_MATH_SPEC_FUNCS__ 1
| #define _TANDEM_SOURCE 1
| #define __EXTENSIONS__ 1
| #define _FILE_OFFSET_BITS 64
| #define PACKAGE "msmtp"
| #define VERSION "1.8.24"
| #define PLATFORM "armv7l-unknown-linux-gnueabihf"
| /* end confdefs.h.  */
| #include <CoreFoundation/CFPreferences.h>
| int
| main (void)
| {
| CFPreferencesCopyAppValue(NULL, NULL)
|   ;
|   return 0;
| }
configure:7751: result: no
configure:7758: checking for CFLocaleCopyPreferredLanguages
configure:7777: gcc -o conftest -g -O2   conftest.c  -Wl,-framework -Wl,CoreFoundation >&5
conftest.c:40:10: fatal error: CoreFoundation/CFLocale.h: No such file or directory
   40 | #include <CoreFoundation/CFLocale.h>
      |          ^~~~~~~~~~~~~~~~~~~~~~~~~~~
compilation terminated.
configure:7777: $? = 1
configure: failed program was:
| /* confdefs.h */
| #define PACKAGE_NAME "msmtp"
| #define PACKAGE_TARNAME "msmtp"
| #define PACKAGE_VERSION "1.8.24"
| #define PACKAGE_STRING "msmtp 1.8.24"
| #define PACKAGE_BUGREPORT "marlam@marlam.de"
| #define PACKAGE_URL "https://marlam.de/msmtp"
| #define HAVE_STDIO_H 1
| #define HAVE_STDLIB_H 1
| #define HAVE_STRING_H 1
| #define HAVE_INTTYPES_H 1
| #define HAVE_STDINT_H 1
| #define HAVE_STRINGS_H 1
| #define HAVE_SYS_STAT_H 1
| #define HAVE_SYS_TYPES_H 1
| #define HAVE_UNISTD_H 1
| #define HAVE_WCHAR_H 1
| #define STDC_HEADERS 1
| #define _ALL_SOURCE 1
| #define _DARWIN_C_SOURCE 1
| #define _GNU_SOURCE 1
| #define _HPUX_ALT_XOPEN_SOCKET_API 1
| #define _NETBSD_SOURCE 1
| #define _OPENBSD_SOURCE 1
| #define _POSIX_PTHREAD_SEMANTICS 1
| #define __STDC_WANT_IEC_60559_ATTRIBS_EXT__ 1
| #define __STDC_WANT_IEC_60559_BFP_EXT__ 1
| #define __STDC_WANT_IEC_60559_DFP_EXT__ 1
| #define __STDC_WANT_IEC_60559_FUNCS_EXT__ 1
| #define __STDC_WANT_IEC_60559_TYPES_EXT__ 1
| #define __STDC_WANT_LIB_EXT2__ 1
| #define __STDC_WANT_MATH_SPEC_FUNCS__ 1
| #define _TANDEM_SOURCE 1
| #define __EXTENSIONS__ 1
| #define _FILE_OFFSET_BITS 64
| #define PACKAGE "msmtp"
| #define VERSION "1.8.24"
| #define PLATFORM "armv7l-unknown-linux-gnueabihf"
| /* end confdefs.h.  */
| #include <CoreFoundation/CFLocale.h>
| int
| main (void)
| {
| CFLocaleCopyPreferredLanguages();
|   ;
|   return 0;
| }
configure:7787: result: no
configure:7837: checking for GNU gettext in libc
configure:7867: gcc -o conftest -g -O2   conftest.c  >&5
configure:7867: $? = 0
configure:7877: result: yes
configure:8768: checking whether to use NLS
configure:8770: result: yes
configure:8773: checking where the gettext function comes from
configure:8784: result: libc
configure:8842: checking for fnmatch.h
configure:8842: gcc -c -g -O2  conftest.c >&5
configure:8842: $? = 0
configure:8842: result: yes
configure:8848: checking for sysexits.h
configure:8848: gcc -c -g -O2  conftest.c >&5
configure:8848: $? = 0
configure:8848: result: yes
configure:8854: checking for netdb.h
configure:8854: gcc -c -g -O2  conftest.c >&5
configure:8854: $? = 0
configure:8854: result: yes
configure:8860: checking for arpa/inet.h
configure:8860: gcc -c -g -O2  conftest.c >&5
configure:8860: $? = 0
configure:8860: result: yes
configure:8866: checking for sys/select.h
configure:8866: gcc -c -g -O2  conftest.c >&5
configure:8866: $? = 0
configure:8866: result: yes
configure:8872: checking for sys/socket.h
configure:8872: gcc -c -g -O2  conftest.c >&5
configure:8872: $? = 0
configure:8872: result: yes
configure:8878: checking for sys/wait.h
configure:8878: gcc -c -g -O2  conftest.c >&5
configure:8878: $? = 0
configure:8878: result: yes
configure:8884: checking for netinet/in.h
configure:8884: gcc -c -g -O2  conftest.c >&5
configure:8884: $? = 0
configure:8884: result: yes
configure:8891: checking for fmemopen
configure:8891: gcc -o conftest -g -O2   conftest.c  >&5
configure:8891: $? = 0
configure:8891: result: yes
configure:8897: checking for fseeko
configure:8897: gcc -o conftest -g -O2   conftest.c  >&5
configure:8897: $? = 0
configure:8897: result: yes
configure:8903: checking for fseeko64
configure:8903: gcc -o conftest -g -O2   conftest.c  >&5
configure:8903: $? = 0
configure:8903: result: yes
configure:8909: checking for getpass
configure:8909: gcc -o conftest -g -O2   conftest.c  >&5
configure:8909: $? = 0
configure:8909: result: yes
configure:8915: checking for link
configure:8915: gcc -o conftest -g -O2   conftest.c  >&5
configure:8915: $? = 0
configure:8915: result: yes
configure:8921: checking for signal
configure:8921: gcc -o conftest -g -O2   conftest.c  >&5
configure:8921: $? = 0
configure:8921: result: yes
configure:8927: checking for strndup
configure:8927: gcc -o conftest -g -O2   conftest.c  >&5
conftest.c:73:6: warning: conflicting types for built-in function 'strndup'; expected 'char *(const char *, unsigned int)' [-Wbuiltin-declaration-mismatch]
   73 | char strndup ();
      |      ^~~~~~~
configure:8927: $? = 0
configure:8927: result: yes
configure:8933: checking for syslog
configure:8933: gcc -o conftest -g -O2   conftest.c  >&5
configure:8933: $? = 0
configure:8933: result: yes
configure:8939: checking for vasprintf
configure:8939: gcc -o conftest -g -O2   conftest.c  >&5
configure:8939: $? = 0
configure:8939: result: yes
configure:8946: checking for library containing nanosleep
configure:8976: gcc -o conftest -g -O2   conftest.c  >&5
configure:8976: $? = 0
configure:8996: result: none required
configure:9005: checking for library containing socket
configure:9035: gcc -o conftest -g -O2   conftest.c  >&5
configure:9035: $? = 0
configure:9055: result: none required
configure:9065: checking for library containing res_query
configure:9082: gcc -o conftest -g -O2   conftest.c  >&5
/usr/lib/gcc/arm-ve-linux-gnueabi/9.5.0/../../../../arm-ve-linux-gnueabi/bin/ld: /tmp/cc8e8hwO.o: in function `main':
/opt/msmtp-1.8.24/conftest.c:68: undefined reference to `__res_query'
/usr/lib/gcc/arm-ve-linux-gnueabi/9.5.0/../../../../arm-ve-linux-gnueabi/bin/ld: /opt/msmtp-1.8.24/conftest.c:68: undefined reference to `ns_initparse'
collect2: error: ld returned 1 exit status
configure:9082: $? = 1
configure: failed program was:
| /* confdefs.h */
| #define PACKAGE_NAME "msmtp"
| #define PACKAGE_TARNAME "msmtp"
| #define PACKAGE_VERSION "1.8.24"
| #define PACKAGE_STRING "msmtp 1.8.24"
| #define PACKAGE_BUGREPORT "marlam@marlam.de"
| #define PACKAGE_URL "https://marlam.de/msmtp"
| #define HAVE_STDIO_H 1
| #define HAVE_STDLIB_H 1
| #define HAVE_STRING_H 1
| #define HAVE_INTTYPES_H 1
| #define HAVE_STDINT_H 1
| #define HAVE_STRINGS_H 1
| #define HAVE_SYS_STAT_H 1
| #define HAVE_SYS_TYPES_H 1
| #define HAVE_UNISTD_H 1
| #define HAVE_WCHAR_H 1
| #define STDC_HEADERS 1
| #define _ALL_SOURCE 1
| #define _DARWIN_C_SOURCE 1
| #define _GNU_SOURCE 1
| #define _HPUX_ALT_XOPEN_SOCKET_API 1
| #define _NETBSD_SOURCE 1
| #define _OPENBSD_SOURCE 1
| #define _POSIX_PTHREAD_SEMANTICS 1
| #define __STDC_WANT_IEC_60559_ATTRIBS_EXT__ 1
| #define __STDC_WANT_IEC_60559_BFP_EXT__ 1
| #define __STDC_WANT_IEC_60559_DFP_EXT__ 1
| #define __STDC_WANT_IEC_60559_FUNCS_EXT__ 1
| #define __STDC_WANT_IEC_60559_TYPES_EXT__ 1
| #define __STDC_WANT_LIB_EXT2__ 1
| #define __STDC_WANT_MATH_SPEC_FUNCS__ 1
| #define _TANDEM_SOURCE 1
| #define __EXTENSIONS__ 1
| #define _FILE_OFFSET_BITS 64
| #define PACKAGE "msmtp"
| #define VERSION "1.8.24"
| #define PLATFORM "armv7l-unknown-linux-gnueabihf"
| #define ENABLE_NLS 1
| #define HAVE_GETTEXT 1
| #define HAVE_DCGETTEXT 1
| #define HAVE_FNMATCH_H 1
| #define HAVE_SYSEXITS_H 1
| #define HAVE_NETDB_H 1
| #define HAVE_ARPA_INET_H 1
| #define HAVE_SYS_SELECT_H 1
| #define HAVE_SYS_SOCKET_H 1
| #define HAVE_SYS_WAIT_H 1
| #define HAVE_NETINET_IN_H 1
| #define HAVE_FMEMOPEN 1
| #define HAVE_FSEEKO 1
| #define HAVE_FSEEKO64 1
| #define HAVE_GETPASS 1
| #define HAVE_LINK 1
| #define HAVE_SIGNAL 1
| #define HAVE_STRNDUP 1
| #define HAVE_SYSLOG 1
| #define HAVE_VASPRINTF 1
| /* end confdefs.h.  */
| 
|     #include <netinet/in.h>
|     #include <arpa/nameser.h>
|     #include <resolv.h>
| 
| int
| main (void)
| {
| res_query(0, 0, 0, 0, 0); ns_initparse(0, 0, 0);
|   ;
|   return 0;
| }
configure:9111: gcc -o conftest -g -O2   conftest.c  -lresolv >&5
configure:9111: $? = 0
configure:9120: result: -lresolv
configure:9193: checking for pkg-config
configure:9216: found /usr/bin/pkg-config
configure:9228: result: /usr/bin/pkg-config
configure:9253: checking pkg-config is at least version 0.9.0
configure:9256: result: yes
configure:9309: checking for gnutls >= 3.4
configure:9316: $PKG_CONFIG --exists --print-errors "gnutls >= 3.4"
configure:9319: $? = 0
configure:9333: $PKG_CONFIG --exists --print-errors "gnutls >= 3.4"
configure:9336: $? = 0
configure:9374: result: yes
configure:9733: checking for gcc options needed to detect all undeclared functions
configure:9755: gcc -c -g -O2   conftest.c >&5
conftest.c: In function 'main':
conftest.c:67:8: error: 'strchr' undeclared (first use in this function)
   67 | (void) strchr;
      |        ^~~~~~
conftest.c:1:1: note: 'strchr' is defined in header '<string.h>'; did you forget to '#include <string.h>'?
    1 | /* confdefs.h */
conftest.c:67:8: note: each undeclared identifier is reported only once for each function it appears in
   67 | (void) strchr;
      |        ^~~~~~
configure:9755: $? = 1
configure: failed program was:
| /* confdefs.h */
| #define PACKAGE_NAME "msmtp"
| #define PACKAGE_TARNAME "msmtp"
| #define PACKAGE_VERSION "1.8.24"
| #define PACKAGE_STRING "msmtp 1.8.24"
| #define PACKAGE_BUGREPORT "marlam@marlam.de"
| #define PACKAGE_URL "https://marlam.de/msmtp"
| #define HAVE_STDIO_H 1
| #define HAVE_STDLIB_H 1
| #define HAVE_STRING_H 1
| #define HAVE_INTTYPES_H 1
| #define HAVE_STDINT_H 1
| #define HAVE_STRINGS_H 1
| #define HAVE_SYS_STAT_H 1
| #define HAVE_SYS_TYPES_H 1
| #define HAVE_UNISTD_H 1
| #define HAVE_WCHAR_H 1
| #define STDC_HEADERS 1
| #define _ALL_SOURCE 1
| #define _DARWIN_C_SOURCE 1
| #define _GNU_SOURCE 1
| #define _HPUX_ALT_XOPEN_SOCKET_API 1
| #define _NETBSD_SOURCE 1
| #define _OPENBSD_SOURCE 1
| #define _POSIX_PTHREAD_SEMANTICS 1
| #define __STDC_WANT_IEC_60559_ATTRIBS_EXT__ 1
| #define __STDC_WANT_IEC_60559_BFP_EXT__ 1
| #define __STDC_WANT_IEC_60559_DFP_EXT__ 1
| #define __STDC_WANT_IEC_60559_FUNCS_EXT__ 1
| #define __STDC_WANT_IEC_60559_TYPES_EXT__ 1
| #define __STDC_WANT_LIB_EXT2__ 1
| #define __STDC_WANT_MATH_SPEC_FUNCS__ 1
| #define _TANDEM_SOURCE 1
| #define __EXTENSIONS__ 1
| #define _FILE_OFFSET_BITS 64
| #define PACKAGE "msmtp"
| #define VERSION "1.8.24"
| #define PLATFORM "armv7l-unknown-linux-gnueabihf"
| #define ENABLE_NLS 1
| #define HAVE_GETTEXT 1
| #define HAVE_DCGETTEXT 1
| #define HAVE_FNMATCH_H 1
| #define HAVE_SYSEXITS_H 1
| #define HAVE_NETDB_H 1
| #define HAVE_ARPA_INET_H 1
| #define HAVE_SYS_SELECT_H 1
| #define HAVE_SYS_SOCKET_H 1
| #define HAVE_SYS_WAIT_H 1
| #define HAVE_NETINET_IN_H 1
| #define HAVE_FMEMOPEN 1
| #define HAVE_FSEEKO 1
| #define HAVE_FSEEKO64 1
| #define HAVE_GETPASS 1
| #define HAVE_LINK 1
| #define HAVE_SIGNAL 1
| #define HAVE_STRNDUP 1
| #define HAVE_SYSLOG 1
| #define HAVE_VASPRINTF 1
| #define HAVE_LIBRESOLV 1
| #define HAVE_LIBGNUTLS 1
| #define HAVE_TLS 1
| /* end confdefs.h.  */
| 
| int
| main (void)
| {
| (void) strchr;
|   ;
|   return 0;
| }
configure:9782: gcc -c -g -O2   conftest.c >&5
configure:9782: $? = 0
configure:9799: result: none needed
configure:9813: checking whether AI_IDN is declared
configure:9813: gcc -c -g -O2   conftest.c >&5
configure:9813: $? = 0
configure:9813: result: yes
configure:9824: checking whether getaddrinfo accepts AI_IDN
configure:9860: gcc -o conftest -g -O2   conftest.c  -lresolv >&5
configure:9860: $? = 0
configure:9860: ./conftest
configure:9860: $? = 0
configure:9870: result: yes
configure:9890: checking whether libidn is needed for IDN support
configure:9898: result: no
configure:10013: checking for libsecret-1
configure:10020: $PKG_CONFIG --exists --print-errors "libsecret-1"
Package libsecret-1 was not found in the pkg-config search path.
Perhaps you should add the directory containing `libsecret-1.pc'
to the PKG_CONFIG_PATH environment variable
No package 'libsecret-1' found
configure:10023: $? = 1
configure:10037: $PKG_CONFIG --exists --print-errors "libsecret-1"
Package libsecret-1 was not found in the pkg-config search path.
Perhaps you should add the directory containing `libsecret-1.pc'
to the PKG_CONFIG_PATH environment variable
No package 'libsecret-1' found
configure:10040: $? = 1
configure:10054: result: no
No package 'libsecret-1' found
configure:10083: WARNING: library libsecret not found:
configure:10085: WARNING: No package 'libsecret-1' found
configure:10087: WARNING: libsecret is provided by Gnome
configure:10108: checking for SecKeychainGetVersion
configure:10127: gcc -o conftest -g -O2   conftest.c  -lresolv -Wl,-framework -Wl,Security >&5
conftest.c:64:10: fatal error: Security/Security.h: No such file or directory
   64 | #include <Security/Security.h>
      |          ^~~~~~~~~~~~~~~~~~~~~
compilation terminated.
configure:10127: $? = 1
configure: failed program was:
| /* confdefs.h */
| #define PACKAGE_NAME "msmtp"
| #define PACKAGE_TARNAME "msmtp"
| #define PACKAGE_VERSION "1.8.24"
| #define PACKAGE_STRING "msmtp 1.8.24"
| #define PACKAGE_BUGREPORT "marlam@marlam.de"
| #define PACKAGE_URL "https://marlam.de/msmtp"
| #define HAVE_STDIO_H 1
| #define HAVE_STDLIB_H 1
| #define HAVE_STRING_H 1
| #define HAVE_INTTYPES_H 1
| #define HAVE_STDINT_H 1
| #define HAVE_STRINGS_H 1
| #define HAVE_SYS_STAT_H 1
| #define HAVE_SYS_TYPES_H 1
| #define HAVE_UNISTD_H 1
| #define HAVE_WCHAR_H 1
| #define STDC_HEADERS 1
| #define _ALL_SOURCE 1
| #define _DARWIN_C_SOURCE 1
| #define _GNU_SOURCE 1
| #define _HPUX_ALT_XOPEN_SOCKET_API 1
| #define _NETBSD_SOURCE 1
| #define _OPENBSD_SOURCE 1
| #define _POSIX_PTHREAD_SEMANTICS 1
| #define __STDC_WANT_IEC_60559_ATTRIBS_EXT__ 1
| #define __STDC_WANT_IEC_60559_BFP_EXT__ 1
| #define __STDC_WANT_IEC_60559_DFP_EXT__ 1
| #define __STDC_WANT_IEC_60559_FUNCS_EXT__ 1
| #define __STDC_WANT_IEC_60559_TYPES_EXT__ 1
| #define __STDC_WANT_LIB_EXT2__ 1
| #define __STDC_WANT_MATH_SPEC_FUNCS__ 1
| #define _TANDEM_SOURCE 1
| #define __EXTENSIONS__ 1
| #define _FILE_OFFSET_BITS 64
| #define PACKAGE "msmtp"
| #define VERSION "1.8.24"
| #define PLATFORM "armv7l-unknown-linux-gnueabihf"
| #define ENABLE_NLS 1
| #define HAVE_GETTEXT 1
| #define HAVE_DCGETTEXT 1
| #define HAVE_FNMATCH_H 1
| #define HAVE_SYSEXITS_H 1
| #define HAVE_NETDB_H 1
| #define HAVE_ARPA_INET_H 1
| #define HAVE_SYS_SELECT_H 1
| #define HAVE_SYS_SOCKET_H 1
| #define HAVE_SYS_WAIT_H 1
| #define HAVE_NETINET_IN_H 1
| #define HAVE_FMEMOPEN 1
| #define HAVE_FSEEKO 1
| #define HAVE_FSEEKO64 1
| #define HAVE_GETPASS 1
| #define HAVE_LINK 1
| #define HAVE_SIGNAL 1
| #define HAVE_STRNDUP 1
| #define HAVE_SYSLOG 1
| #define HAVE_VASPRINTF 1
| #define HAVE_LIBRESOLV 1
| #define HAVE_LIBGNUTLS 1
| #define HAVE_TLS 1
| #define HAVE_GAI_IDN 1
| /* end confdefs.h.  */
| #include <Security/Security.h>
| int
| main (void)
| {
| SecKeychainGetVersion(NULL);
|   ;
|   return 0;
| }
configure:10137: result: no
configure:10273: checking that generated files are newer than configure
configure:10279: result: done
configure:10326: creating ./config.status

## ---------------------- ##
## Running config.status. ##
## ---------------------- ##

This file was extended by msmtp config.status 1.8.24, which was
generated by GNU Autoconf 2.71.  Invocation command line was

  CONFIG_FILES    = 
  CONFIG_HEADERS  = 
  CONFIG_LINKS    = 
  CONFIG_COMMANDS = 
  $ ./config.status 

on raspberrypi2

config.status:959: creating Makefile
config.status:959: creating src/Makefile
config.status:959: creating po/Makefile.in
config.status:959: creating doc/Makefile
config.status:959: creating scripts/Makefile
config.status:959: creating config.h
config.status:1140: config.h is unchanged
config.status:1188: executing depfiles commands
config.status:1265: cd src       && sed -e '/# am--include-marker/d' Makefile         | make -f - am--depfiles
make: Nothing to be done for 'am--depfiles'.
config.status:1270: $? = 0
config.status:1188: executing po-directories commands

## ---------------- ##
## Cache variables. ##
## ---------------- ##

ac_cv_build=armv7l-unknown-linux-gnueabihf
ac_cv_c_compiler_gnu=yes
ac_cv_c_undeclared_builtin_options='none needed'
ac_cv_env_CC_set=
ac_cv_env_CC_value=
ac_cv_env_CFLAGS_set=
ac_cv_env_CFLAGS_value=
ac_cv_env_CPPFLAGS_set=
ac_cv_env_CPPFLAGS_value=
ac_cv_env_CPP_set=
ac_cv_env_CPP_value=
ac_cv_env_LDFLAGS_set=
ac_cv_env_LDFLAGS_value=
ac_cv_env_LIBS_set=
ac_cv_env_LIBS_value=
ac_cv_env_PKG_CONFIG_LIBDIR_set=
ac_cv_env_PKG_CONFIG_LIBDIR_value=
ac_cv_env_PKG_CONFIG_PATH_set=
ac_cv_env_PKG_CONFIG_PATH_value=
ac_cv_env_PKG_CONFIG_set=
ac_cv_env_PKG_CONFIG_value=
ac_cv_env_build_alias_set=
ac_cv_env_build_alias_value=
ac_cv_env_host_alias_set=
ac_cv_env_host_alias_value=
ac_cv_env_libgnutls_CFLAGS_set=
ac_cv_env_libgnutls_CFLAGS_value=
ac_cv_env_libgnutls_LIBS_set=
ac_cv_env_libgnutls_LIBS_value=
ac_cv_env_libgsasl_CFLAGS_set=
ac_cv_env_libgsasl_CFLAGS_value=
ac_cv_env_libgsasl_LIBS_set=
ac_cv_env_libgsasl_LIBS_value=
ac_cv_env_libidn2_CFLAGS_set=
ac_cv_env_libidn2_CFLAGS_value=
ac_cv_env_libidn2_LIBS_set=
ac_cv_env_libidn2_LIBS_value=
ac_cv_env_libsecret_CFLAGS_set=
ac_cv_env_libsecret_CFLAGS_value=
ac_cv_env_libsecret_LIBS_set=
ac_cv_env_libsecret_LIBS_value=
ac_cv_env_libssl_CFLAGS_set=
ac_cv_env_libssl_CFLAGS_value=
ac_cv_env_libssl_LIBS_set=
ac_cv_env_libssl_LIBS_value=
ac_cv_env_libtls_CFLAGS_set=
ac_cv_env_libtls_CFLAGS_value=
ac_cv_env_libtls_LIBS_set=
ac_cv_env_libtls_LIBS_value=
ac_cv_env_target_alias_set=
ac_cv_env_target_alias_value=
ac_cv_func_SecKeychainGetVersion=no
ac_cv_func_fmemopen=yes
ac_cv_func_fseeko64=yes
ac_cv_func_fseeko=yes
ac_cv_func_getpass=yes
ac_cv_func_link=yes
ac_cv_func_signal=yes
ac_cv_func_strndup=yes
ac_cv_func_syslog=yes
ac_cv_func_vasprintf=yes
ac_cv_have_decl_AI_IDN=yes
ac_cv_header_arpa_inet_h=yes
ac_cv_header_fnmatch_h=yes
ac_cv_header_inttypes_h=yes
ac_cv_header_minix_config_h=no
ac_cv_header_netdb_h=yes
ac_cv_header_netinet_in_h=yes
ac_cv_header_stdint_h=yes
ac_cv_header_stdio_h=yes
ac_cv_header_stdlib_h=yes
ac_cv_header_string_h=yes
ac_cv_header_strings_h=yes
ac_cv_header_sys_select_h=yes
ac_cv_header_sys_socket_h=yes
ac_cv_header_sys_stat_h=yes
ac_cv_header_sys_types_h=yes
ac_cv_header_sys_wait_h=yes
ac_cv_header_sysexits_h=yes
ac_cv_header_unistd_h=yes
ac_cv_header_wchar_h=yes
ac_cv_host=armv7l-unknown-linux-gnueabihf
ac_cv_objext=o
ac_cv_path_EGREP='/bin/grep -E'
ac_cv_path_GMSGFMT=/usr/bin/msgfmt
ac_cv_path_GREP=/bin/grep
ac_cv_path_MSGFMT=/usr/bin/msgfmt
ac_cv_path_MSGMERGE=/usr/bin/msgmerge
ac_cv_path_SED=/bin/sed
ac_cv_path_XGETTEXT=/usr/bin/xgettext
ac_cv_path_ac_pt_PKG_CONFIG=/usr/bin/pkg-config
ac_cv_prog_AWK=awk
ac_cv_prog_CPP='gcc -E'
ac_cv_prog_ac_ct_CC=gcc
ac_cv_prog_cc_c11=
ac_cv_prog_cc_g=yes
ac_cv_prog_cc_stdc=
ac_cv_prog_make_make_set=yes
ac_cv_safe_to_define___extensions__=yes
ac_cv_search_nanosleep='none required'
ac_cv_search_socket='none required'
ac_cv_should_define__xopen_source=no
ac_cv_sys_file_offset_bits=64
ac_cv_sys_largefile_CC=no
ac_cv_target=armv7l-unknown-linux-gnueabihf
acl_cv_hardcode_direct=no
acl_cv_hardcode_libdir_flag_spec='${wl}-rpath ${wl}$libdir'
acl_cv_hardcode_libdir_separator=
acl_cv_hardcode_minus_L=no
acl_cv_libdirstems=lib,lib,lib
acl_cv_libext=a
acl_cv_libname_spec='lib$name'
acl_cv_library_names_spec='$libname$shrext'
acl_cv_path_LD=/usr/arm-ve-linux-gnueabi/bin/ld
acl_cv_prog_gnu_ld=yes
acl_cv_rpath=done
acl_cv_shlibext=so
acl_cv_wl=-Wl,
am_cv_CC_dependencies_compiler_type=gcc3
am_cv_make_support_nested_variables=yes
am_cv_prog_cc_c_o=yes
gl_cv_elf=yes
gl_cv_host_cpu_c_abi_32bit=yes
gt_cv_func_CFLocaleCopyPreferredLanguages=no
gt_cv_func_CFPreferencesCopyAppValue=no
gt_cv_func_gnugettext1_libc=yes
pkg_cv_libgnutls_CFLAGS=
pkg_cv_libgnutls_LIBS=-lgnutls

## ----------------- ##
## Output variables. ##
## ----------------- ##

ACLOCAL='${SHELL} '\''/opt/msmtp-1.8.24/build-aux/missing'\'' aclocal-1.16'
AMDEPBACKSLASH='\'
AMDEP_FALSE='#'
AMDEP_TRUE=''
AMTAR='$${TAR-tar}'
AM_BACKSLASH='\'
AM_DEFAULT_V='$(AM_DEFAULT_VERBOSITY)'
AM_DEFAULT_VERBOSITY='0'
AM_V='$(V)'
AUTOCONF='${SHELL} '\''/opt/msmtp-1.8.24/build-aux/missing'\'' autoconf'
AUTOHEADER='${SHELL} '\''/opt/msmtp-1.8.24/build-aux/missing'\'' autoheader'
AUTOMAKE='${SHELL} '\''/opt/msmtp-1.8.24/build-aux/missing'\'' automake-1.16'
AWK='awk'
BUILD_MSMTPD_FALSE='#'
BUILD_MSMTPD_TRUE=''
CC='gcc'
CCDEPMODE='depmode=gcc3'
CFLAGS='-g -O2'
CPP='gcc -E'
CPPFLAGS=''
CSCOPE='cscope'
CTAGS='ctags'
CYGPATH_W='echo'
DEFS='-DHAVE_CONFIG_H'
DEPDIR='.deps'
ECHO_C=''
ECHO_N='-n'
ECHO_T=''
EGREP='/bin/grep -E'
ETAGS='etags'
EXEEXT=''
GETTEXT_MACRO_VERSION='0.20'
GMSGFMT='/usr/bin/msgfmt'
GMSGFMT_015='/usr/bin/msgfmt'
GREP='/bin/grep'
HAVE_GNUTLS_FALSE='#'
HAVE_GNUTLS_TRUE=''
HAVE_LIBGSASL_FALSE=''
HAVE_LIBGSASL_TRUE='#'
HAVE_LIBTLS_FALSE=''
HAVE_LIBTLS_TRUE='#'
HAVE_OPENSSL_FALSE=''
HAVE_OPENSSL_TRUE='#'
HAVE_TLS_FALSE='#'
HAVE_TLS_TRUE=''
INSTALL_DATA='${INSTALL} -m 644'
INSTALL_PROGRAM='${INSTALL}'
INSTALL_SCRIPT='${INSTALL}'
INSTALL_STRIP_PROGRAM='$(install_sh) -c -s'
INTLLIBS=''
INTL_MACOSX_LIBS=''
LDFLAGS=''
LIBICONV='-liconv'
LIBINTL=''
LIBOBJS=''
LIBS=' -lresolv'
LTLIBICONV='-liconv'
LTLIBINTL=''
LTLIBOBJS=''
MAKEINFO='${SHELL} '\''/opt/msmtp-1.8.24/build-aux/missing'\'' makeinfo'
MKDIR_P='./build-aux/install-sh -c -d'
MSGFMT='/usr/bin/msgfmt'
MSGMERGE='/usr/bin/msgmerge'
MSGMERGE_FOR_MSGFMT_OPTION='--for-msgfmt'
OBJEXT='o'
PACKAGE='msmtp'
PACKAGE_BUGREPORT='marlam@marlam.de'
PACKAGE_NAME='msmtp'
PACKAGE_STRING='msmtp 1.8.24'
PACKAGE_TARNAME='msmtp'
PACKAGE_URL='https://marlam.de/msmtp'
PACKAGE_VERSION='1.8.24'
PATH_SEPARATOR=':'
PKG_CONFIG='/usr/bin/pkg-config'
PKG_CONFIG_LIBDIR=''
PKG_CONFIG_PATH=''
POSUB='po'
SED='/bin/sed'
SET_MAKE=''
SHELL='/bin/sh'
STRIP=''
USE_NLS='yes'
VERSION='1.8.24'
XGETTEXT='/usr/bin/xgettext'
XGETTEXT_015='/usr/bin/xgettext'
XGETTEXT_EXTRA_OPTIONS=''
ac_ct_CC='gcc'
am__EXEEXT_FALSE=''
am__EXEEXT_TRUE='#'
am__fastdepCC_FALSE='#'
am__fastdepCC_TRUE=''
am__include='include'
am__isrc=''
am__leading_dot='.'
am__nodep='_no'
am__quote=''
am__tar='$${TAR-tar} chof - "$$tardir"'
am__untar='$${TAR-tar} xf -'
bindir='${exec_prefix}/bin'
build='armv7l-unknown-linux-gnueabihf'
build_alias=''
build_cpu='armv7l'
build_os='linux-gnueabihf'
build_vendor='unknown'
datadir='${datarootdir}'
datarootdir='${prefix}/share'
docdir='${datarootdir}/doc/${PACKAGE_TARNAME}'
dvidir='${docdir}'
exec_prefix='${prefix}'
host='armv7l-unknown-linux-gnueabihf'
host_alias=''
host_cpu='armv7l'
host_os='linux-gnueabihf'
host_vendor='unknown'
htmldir='${docdir}'
includedir='${prefix}/include'
infodir='${datarootdir}/info'
install_sh='${SHELL} /opt/msmtp-1.8.24/build-aux/install-sh'
libdir='${exec_prefix}/lib'
libexecdir='${exec_prefix}/libexec'
libgnutls_CFLAGS=''
libgnutls_LIBS='-lgnutls'
libgsasl_CFLAGS=''
libgsasl_LIBS=''
libidn2_CFLAGS=''
libidn2_LIBS=''
libsecret_CFLAGS=''
libsecret_LIBS=''
libssl_CFLAGS=''
libssl_LIBS=''
libtls_CFLAGS=''
libtls_LIBS=''
localedir='${datarootdir}/locale'
localstatedir='${prefix}/var'
mandir='${datarootdir}/man'
mkdir_p='$(MKDIR_P)'
oldincludedir='/usr/include'
pdfdir='${docdir}'
prefix='/opt/msmtp-1.8.24'
program_transform_name='s,x,x,'
psdir='${docdir}'
runstatedir='${localstatedir}/run'
sbindir='${exec_prefix}/sbin'
sharedstatedir='${prefix}/com'
sysconfdir='${prefix}/etc'
target='armv7l-unknown-linux-gnueabihf'
target_alias=''
target_cpu='armv7l'
target_os='linux-gnueabihf'
target_vendor='unknown'
tls_CFLAGS=''
tls_LIBS='-lgnutls'

## ----------- ##
## confdefs.h. ##
## ----------- ##

/* confdefs.h */
#define PACKAGE_NAME "msmtp"
#define PACKAGE_TARNAME "msmtp"
#define PACKAGE_VERSION "1.8.24"
#define PACKAGE_STRING "msmtp 1.8.24"
#define PACKAGE_BUGREPORT "marlam@marlam.de"
#define PACKAGE_URL "https://marlam.de/msmtp"
#define HAVE_STDIO_H 1
#define HAVE_STDLIB_H 1
#define HAVE_STRING_H 1
#define HAVE_INTTYPES_H 1
#define HAVE_STDINT_H 1
#define HAVE_STRINGS_H 1
#define HAVE_SYS_STAT_H 1
#define HAVE_SYS_TYPES_H 1
#define HAVE_UNISTD_H 1
#define HAVE_WCHAR_H 1
#define STDC_HEADERS 1
#define _ALL_SOURCE 1
#define _DARWIN_C_SOURCE 1
#define _GNU_SOURCE 1
#define _HPUX_ALT_XOPEN_SOCKET_API 1
#define _NETBSD_SOURCE 1
#define _OPENBSD_SOURCE 1
#define _POSIX_PTHREAD_SEMANTICS 1
#define __STDC_WANT_IEC_60559_ATTRIBS_EXT__ 1
#define __STDC_WANT_IEC_60559_BFP_EXT__ 1
#define __STDC_WANT_IEC_60559_DFP_EXT__ 1
#define __STDC_WANT_IEC_60559_FUNCS_EXT__ 1
#define __STDC_WANT_IEC_60559_TYPES_EXT__ 1
#define __STDC_WANT_LIB_EXT2__ 1
#define __STDC_WANT_MATH_SPEC_FUNCS__ 1
#define _TANDEM_SOURCE 1
#define __EXTENSIONS__ 1
#define _FILE_OFFSET_BITS 64
#define PACKAGE "msmtp"
#define VERSION "1.8.24"
#define PLATFORM "armv7l-unknown-linux-gnueabihf"
#define ENABLE_NLS 1
#define HAVE_GETTEXT 1
#define HAVE_DCGETTEXT 1
#define HAVE_FNMATCH_H 1
#define HAVE_SYSEXITS_H 1
#define HAVE_NETDB_H 1
#define HAVE_ARPA_INET_H 1
#define HAVE_SYS_SELECT_H 1
#define HAVE_SYS_SOCKET_H 1
#define HAVE_SYS_WAIT_H 1
#define HAVE_NETINET_IN_H 1
#define HAVE_FMEMOPEN 1
#define HAVE_FSEEKO 1
#define HAVE_FSEEKO64 1
#define HAVE_GETPASS 1
#define HAVE_LINK 1
#define HAVE_SIGNAL 1
#define HAVE_STRNDUP 1
#define HAVE_SYSLOG 1
#define HAVE_VASPRINTF 1
#define HAVE_LIBRESOLV 1
#define HAVE_LIBGNUTLS 1
#define HAVE_TLS 1
#define HAVE_GAI_IDN 1

configure: exit 0
